[framework] 2013-07-28 03:58:54,187 - org.hibernate.annotations.common.Version -0    [main] INFO  org.hibernate.annotations.common.Version  - HCANN000001: Hibernate Commons Annotations {4.0.1.Final}
[framework] 2013-07-28 03:58:54,202 - org.hibernate.Version -15   [main] INFO  org.hibernate.Version  - HHH000412: Hibernate Core {4.2.1.Final}
[framework] 2013-07-28 03:58:54,206 - org.hibernate.cfg.Environment -19   [main] INFO  org.hibernate.cfg.Environment  - HHH000206: hibernate.properties not found
[framework] 2013-07-28 03:58:54,208 - org.hibernate.cfg.Environment -21   [main] INFO  org.hibernate.cfg.Environment  - HHH000021: Bytecode provider name : javassist
[framework] 2013-07-28 03:58:54,744 - org.hibernate.service.jdbc.connections.internal.DriverManagerConnectionProviderImpl -557  [main] INFO  org.hibernate.service.jdbc.connections.internal.DriverManagerConnectionProviderImpl  - HHH000402: Using Hibernate built-in connection pool (not for production use!)
[framework] 2013-07-28 03:58:54,772 - org.hibernate.service.jdbc.connections.internal.DriverManagerConnectionProviderImpl -585  [main] INFO  org.hibernate.service.jdbc.connections.internal.DriverManagerConnectionProviderImpl  - HHH000115: Hibernate connection pool size: 20
[framework] 2013-07-28 03:58:54,772 - org.hibernate.service.jdbc.connections.internal.DriverManagerConnectionProviderImpl -585  [main] INFO  org.hibernate.service.jdbc.connections.internal.DriverManagerConnectionProviderImpl  - HHH000006: Autocommit mode: true
[framework] 2013-07-28 03:58:54,773 - org.hibernate.service.jdbc.connections.internal.DriverManagerConnectionProviderImpl -586  [main] INFO  org.hibernate.service.jdbc.connections.internal.DriverManagerConnectionProviderImpl  - HHH000401: using driver [com.mysql.jdbc.Driver] at URL [jdbc:mysql://localhost:3306/webapp?useUnicode=true&characterEncoding=UTF-8]
[framework] 2013-07-28 03:58:54,773 - org.hibernate.service.jdbc.connections.internal.DriverManagerConnectionProviderImpl -586  [main] INFO  org.hibernate.service.jdbc.connections.internal.DriverManagerConnectionProviderImpl  - HHH000046: Connection properties: {user=root, password=****, autocommit=true, release_mode=auto}
[framework] 2013-07-28 03:58:55,235 - org.hibernate.dialect.Dialect -1048 [main] INFO  org.hibernate.dialect.Dialect  - HHH000400: Using dialect: org.hibernate.dialect.MySQL5Dialect
[framework] 2013-07-28 03:58:55,261 - org.hibernate.engine.transaction.internal.TransactionFactoryInitiator -1074 [main] INFO  org.hibernate.engine.transaction.internal.TransactionFactoryInitiator  - HHH000268: Transaction strategy: org.hibernate.engine.transaction.internal.jdbc.JdbcTransactionFactory
[framework] 2013-07-28 03:58:55,267 - org.hibernate.hql.internal.ast.ASTQueryTranslatorFactory -1080 [main] INFO  org.hibernate.hql.internal.ast.ASTQueryTranslatorFactory  - HHH000397: Using ASTQueryTranslatorFactory
[framework] 2013-07-28 03:58:55,542 - org.hibernate.tool.hbm2ddl.SchemaUpdate -1355 [main] INFO  org.hibernate.tool.hbm2ddl.SchemaUpdate  - HHH000228: Running hbm2ddl schema update
[framework] 2013-07-28 03:58:55,542 - org.hibernate.tool.hbm2ddl.SchemaUpdate -1355 [main] INFO  org.hibernate.tool.hbm2ddl.SchemaUpdate  - HHH000102: Fetching database metadata
[framework] 2013-07-28 03:58:55,544 - org.hibernate.tool.hbm2ddl.SchemaUpdate -1357 [main] INFO  org.hibernate.tool.hbm2ddl.SchemaUpdate  - HHH000396: Updating schema
[framework] 2013-07-28 03:58:55,547 - java.sql.DatabaseMetaData -1360 [main] INFO  java.sql.DatabaseMetaData  - HHH000262: Table not found: SysMenu
[framework] 2013-07-28 03:58:55,549 - java.sql.DatabaseMetaData -1362 [main] INFO  java.sql.DatabaseMetaData  - HHH000262: Table not found: SysRole
[framework] 2013-07-28 03:58:55,550 - java.sql.DatabaseMetaData -1363 [main] INFO  java.sql.DatabaseMetaData  - HHH000262: Table not found: SysRole_SysMenu
[framework] 2013-07-28 03:58:55,551 - java.sql.DatabaseMetaData -1364 [main] INFO  java.sql.DatabaseMetaData  - HHH000262: Table not found: SysRole_SysUser
[framework] 2013-07-28 03:58:55,552 - java.sql.DatabaseMetaData -1365 [main] INFO  java.sql.DatabaseMetaData  - HHH000262: Table not found: SysUser
[framework] 2013-07-28 03:58:55,553 - java.sql.DatabaseMetaData -1366 [main] INFO  java.sql.DatabaseMetaData  - HHH000262: Table not found: SysUser_SysMenu
[framework] 2013-07-28 03:58:55,554 - java.sql.DatabaseMetaData -1367 [main] INFO  java.sql.DatabaseMetaData  - HHH000262: Table not found: SysUser_SysRole
[framework] 2013-07-28 03:58:55,555 - java.sql.DatabaseMetaData -1368 [main] INFO  java.sql.DatabaseMetaData  - HHH000262: Table not found: SysMenu
[framework] 2013-07-28 03:58:55,556 - java.sql.DatabaseMetaData -1369 [main] INFO  java.sql.DatabaseMetaData  - HHH000262: Table not found: SysRole
[framework] 2013-07-28 03:58:55,557 - java.sql.DatabaseMetaData -1370 [main] INFO  java.sql.DatabaseMetaData  - HHH000262: Table not found: SysRole_SysMenu
[framework] 2013-07-28 03:58:55,558 - java.sql.DatabaseMetaData -1371 [main] INFO  java.sql.DatabaseMetaData  - HHH000262: Table not found: SysRole_SysUser
[framework] 2013-07-28 03:58:55,558 - java.sql.DatabaseMetaData -1371 [main] INFO  java.sql.DatabaseMetaData  - HHH000262: Table not found: SysUser
[framework] 2013-07-28 03:58:55,559 - java.sql.DatabaseMetaData -1372 [main] INFO  java.sql.DatabaseMetaData  - HHH000262: Table not found: SysUser_SysMenu
[framework] 2013-07-28 03:58:55,560 - java.sql.DatabaseMetaData -1373 [main] INFO  java.sql.DatabaseMetaData  - HHH000262: Table not found: SysUser_SysRole
[framework] 2013-07-28 03:58:58,192 - org.hibernate.tool.hbm2ddl.SchemaUpdate -4005 [main] INFO  org.hibernate.tool.hbm2ddl.SchemaUpdate  - HHH000232: Schema update complete
[framework] 2013-07-28 04:03:15,109 - org.hibernate.annotations.common.Version -0    [main] INFO  org.hibernate.annotations.common.Version  - HCANN000001: Hibernate Commons Annotations {4.0.1.Final}
[framework] 2013-07-28 04:03:15,118 - org.hibernate.Version -9    [main] INFO  org.hibernate.Version  - HHH000412: Hibernate Core {4.2.1.Final}
[framework] 2013-07-28 04:03:15,122 - org.hibernate.cfg.Environment -13   [main] INFO  org.hibernate.cfg.Environment  - HHH000206: hibernate.properties not found
[framework] 2013-07-28 04:03:15,123 - org.hibernate.cfg.Environment -14   [main] INFO  org.hibernate.cfg.Environment  - HHH000021: Bytecode provider name : javassist
[framework] 2013-07-28 04:03:15,816 - org.hibernate.service.jdbc.connections.internal.DriverManagerConnectionProviderImpl -707  [main] INFO  org.hibernate.service.jdbc.connections.internal.DriverManagerConnectionProviderImpl  - HHH000402: Using Hibernate built-in connection pool (not for production use!)
[framework] 2013-07-28 04:03:15,851 - org.hibernate.service.jdbc.connections.internal.DriverManagerConnectionProviderImpl -742  [main] INFO  org.hibernate.service.jdbc.connections.internal.DriverManagerConnectionProviderImpl  - HHH000115: Hibernate connection pool size: 20
[framework] 2013-07-28 04:03:15,852 - org.hibernate.service.jdbc.connections.internal.DriverManagerConnectionProviderImpl -743  [main] INFO  org.hibernate.service.jdbc.connections.internal.DriverManagerConnectionProviderImpl  - HHH000006: Autocommit mode: true
[framework] 2013-07-28 04:03:15,852 - org.hibernate.service.jdbc.connections.internal.DriverManagerConnectionProviderImpl -743  [main] INFO  org.hibernate.service.jdbc.connections.internal.DriverManagerConnectionProviderImpl  - HHH000401: using driver [com.mysql.jdbc.Driver] at URL [jdbc:mysql://localhost:3306/webapp?useUnicode=true&characterEncoding=UTF-8]
[framework] 2013-07-28 04:03:15,852 - org.hibernate.service.jdbc.connections.internal.DriverManagerConnectionProviderImpl -743  [main] INFO  org.hibernate.service.jdbc.connections.internal.DriverManagerConnectionProviderImpl  - HHH000046: Connection properties: {user=root, password=****, autocommit=true, release_mode=auto}
[framework] 2013-07-28 04:03:16,361 - org.hibernate.dialect.Dialect -1252 [main] INFO  org.hibernate.dialect.Dialect  - HHH000400: Using dialect: org.hibernate.dialect.MySQL5Dialect
[framework] 2013-07-28 04:03:16,401 - org.hibernate.engine.transaction.internal.TransactionFactoryInitiator -1292 [main] INFO  org.hibernate.engine.transaction.internal.TransactionFactoryInitiator  - HHH000268: Transaction strategy: org.hibernate.engine.transaction.internal.jdbc.JdbcTransactionFactory
[framework] 2013-07-28 04:03:16,407 - org.hibernate.hql.internal.ast.ASTQueryTranslatorFactory -1298 [main] INFO  org.hibernate.hql.internal.ast.ASTQueryTranslatorFactory  - HHH000397: Using ASTQueryTranslatorFactory
[framework] 2013-07-28 04:03:16,697 - org.hibernate.tool.hbm2ddl.SchemaUpdate -1588 [main] INFO  org.hibernate.tool.hbm2ddl.SchemaUpdate  - HHH000228: Running hbm2ddl schema update
[framework] 2013-07-28 04:03:16,697 - org.hibernate.tool.hbm2ddl.SchemaUpdate -1588 [main] INFO  org.hibernate.tool.hbm2ddl.SchemaUpdate  - HHH000102: Fetching database metadata
[framework] 2013-07-28 04:03:16,699 - org.hibernate.tool.hbm2ddl.SchemaUpdate -1590 [main] INFO  org.hibernate.tool.hbm2ddl.SchemaUpdate  - HHH000396: Updating schema
[framework] 2013-07-28 04:03:16,727 - org.hibernate.tool.hbm2ddl.TableMetadata -1618 [main] INFO  org.hibernate.tool.hbm2ddl.TableMetadata  - HHH000261: Table found: webapp.sysmenu
[framework] 2013-07-28 04:03:16,727 - org.hibernate.tool.hbm2ddl.TableMetadata -1618 [main] INFO  org.hibernate.tool.hbm2ddl.TableMetadata  - HHH000037: Columns: [id, text, parent, ordinal, levelcode, url, iconcls]
[framework] 2013-07-28 04:03:16,727 - org.hibernate.tool.hbm2ddl.TableMetadata -1618 [main] INFO  org.hibernate.tool.hbm2ddl.TableMetadata  - HHH000108: Foreign keys: [fk_444c458e93774403953672c4113]
[framework] 2013-07-28 04:03:16,727 - org.hibernate.tool.hbm2ddl.TableMetadata -1618 [main] INFO  org.hibernate.tool.hbm2ddl.TableMetadata  - HHH000126: Indexes: [fk_444c458e93774403953672c4113, primary]
[framework] 2013-07-28 04:03:16,743 - org.hibernate.tool.hbm2ddl.TableMetadata -1634 [main] INFO  org.hibernate.tool.hbm2ddl.TableMetadata  - HHH000261: Table found: webapp.sysrole
[framework] 2013-07-28 04:03:16,743 - org.hibernate.tool.hbm2ddl.TableMetadata -1634 [main] INFO  org.hibernate.tool.hbm2ddl.TableMetadata  - HHH000037: Columns: [id, name, note]
[framework] 2013-07-28 04:03:16,743 - org.hibernate.tool.hbm2ddl.TableMetadata -1634 [main] INFO  org.hibernate.tool.hbm2ddl.TableMetadata  - HHH000108: Foreign keys: []
[framework] 2013-07-28 04:03:16,743 - org.hibernate.tool.hbm2ddl.TableMetadata -1634 [main] INFO  org.hibernate.tool.hbm2ddl.TableMetadata  - HHH000126: Indexes: [primary]
[framework] 2013-07-28 04:03:16,757 - org.hibernate.tool.hbm2ddl.TableMetadata -1648 [main] INFO  org.hibernate.tool.hbm2ddl.TableMetadata  - HHH000261: Table found: webapp.sysrole_sysmenu
[framework] 2013-07-28 04:03:16,757 - org.hibernate.tool.hbm2ddl.TableMetadata -1648 [main] INFO  org.hibernate.tool.hbm2ddl.TableMetadata  - HHH000037: Columns: [sysroleid, sysmenuid]
[framework] 2013-07-28 04:03:16,758 - org.hibernate.tool.hbm2ddl.TableMetadata -1649 [main] INFO  org.hibernate.tool.hbm2ddl.TableMetadata  - HHH000108: Foreign keys: [fk_44c8eb72ac714ffbabd150a02a5, fk_b291c7d96ace40b283bbbb9c0ab]
[framework] 2013-07-28 04:03:16,758 - org.hibernate.tool.hbm2ddl.TableMetadata -1649 [main] INFO  org.hibernate.tool.hbm2ddl.TableMetadata  - HHH000126: Indexes: [fk_44c8eb72ac714ffbabd150a02a5, primary, fk_b291c7d96ace40b283bbbb9c0ab]
[framework] 2013-07-28 04:03:16,769 - org.hibernate.tool.hbm2ddl.TableMetadata -1660 [main] INFO  org.hibernate.tool.hbm2ddl.TableMetadata  - HHH000261: Table found: webapp.sysrole_sysuser
[framework] 2013-07-28 04:03:16,770 - org.hibernate.tool.hbm2ddl.TableMetadata -1661 [main] INFO  org.hibernate.tool.hbm2ddl.TableMetadata  - HHH000037: Columns: [sysuserset_id, sysrole_id]
[framework] 2013-07-28 04:03:16,770 - org.hibernate.tool.hbm2ddl.TableMetadata -1661 [main] INFO  org.hibernate.tool.hbm2ddl.TableMetadata  - HHH000108: Foreign keys: [fk_b256834a70b3473ea121e4a9107, fk_dbd572e30c6947e494d55071d66]
[framework] 2013-07-28 04:03:16,770 - org.hibernate.tool.hbm2ddl.TableMetadata -1661 [main] INFO  org.hibernate.tool.hbm2ddl.TableMetadata  - HHH000126: Indexes: [primary, fk_b256834a70b3473ea121e4a9107, fk_dbd572e30c6947e494d55071d66]
[framework] 2013-07-28 04:03:16,785 - org.hibernate.tool.hbm2ddl.TableMetadata -1676 [main] INFO  org.hibernate.tool.hbm2ddl.TableMetadata  - HHH000261: Table found: webapp.sysuser
[framework] 2013-07-28 04:03:16,785 - org.hibernate.tool.hbm2ddl.TableMetadata -1676 [main] INFO  org.hibernate.tool.hbm2ddl.TableMetadata  - HHH000037: Columns: [headimage, createtime, id, loginpassword, loginname, lastlogintime, nickname, sysuserstate]
[framework] 2013-07-28 04:03:16,785 - org.hibernate.tool.hbm2ddl.TableMetadata -1676 [main] INFO  org.hibernate.tool.hbm2ddl.TableMetadata  - HHH000108: Foreign keys: []
[framework] 2013-07-28 04:03:16,785 - org.hibernate.tool.hbm2ddl.TableMetadata -1676 [main] INFO  org.hibernate.tool.hbm2ddl.TableMetadata  - HHH000126: Indexes: [primary]
[framework] 2013-07-28 04:03:16,798 - org.hibernate.tool.hbm2ddl.TableMetadata -1689 [main] INFO  org.hibernate.tool.hbm2ddl.TableMetadata  - HHH000261: Table found: webapp.sysuser_sysmenu
[framework] 2013-07-28 04:03:16,798 - org.hibernate.tool.hbm2ddl.TableMetadata -1689 [main] INFO  org.hibernate.tool.hbm2ddl.TableMetadata  - HHH000037: Columns: [sysuserid, sysmenuid]
[framework] 2013-07-28 04:03:16,798 - org.hibernate.tool.hbm2ddl.TableMetadata -1689 [main] INFO  org.hibernate.tool.hbm2ddl.TableMetadata  - HHH000108: Foreign keys: [fk_b591a3907c6f4d639199c27c631, fk_0f944ce827b040f4afd31db66d4]
[framework] 2013-07-28 04:03:16,798 - org.hibernate.tool.hbm2ddl.TableMetadata -1689 [main] INFO  org.hibernate.tool.hbm2ddl.TableMetadata  - HHH000126: Indexes: [fk_b591a3907c6f4d639199c27c631, primary, fk_0f944ce827b040f4afd31db66d4]
[framework] 2013-07-28 04:03:16,810 - org.hibernate.tool.hbm2ddl.TableMetadata -1701 [main] INFO  org.hibernate.tool.hbm2ddl.TableMetadata  - HHH000261: Table found: webapp.sysuser_sysrole
[framework] 2013-07-28 04:03:16,810 - org.hibernate.tool.hbm2ddl.TableMetadata -1701 [main] INFO  org.hibernate.tool.hbm2ddl.TableMetadata  - HHH000037: Columns: [sysuserid, sysroleid]
[framework] 2013-07-28 04:03:16,810 - org.hibernate.tool.hbm2ddl.TableMetadata -1701 [main] INFO  org.hibernate.tool.hbm2ddl.TableMetadata  - HHH000108: Foreign keys: [fk_6f4e30cb0fc5407f9ef3d7d4570, fk_05552aa4abb041a8b0c60cea27d]
[framework] 2013-07-28 04:03:16,810 - org.hibernate.tool.hbm2ddl.TableMetadata -1701 [main] INFO  org.hibernate.tool.hbm2ddl.TableMetadata  - HHH000126: Indexes: [fk_6f4e30cb0fc5407f9ef3d7d4570, primary, fk_05552aa4abb041a8b0c60cea27d]
[framework] 2013-07-28 04:03:16,812 - org.hibernate.tool.hbm2ddl.SchemaUpdate -1703 [main] INFO  org.hibernate.tool.hbm2ddl.SchemaUpdate  - HHH000232: Schema update complete
[framework] 2013-07-28 05:22:50,494 - org.hibernate.annotations.common.Version -0    [main] INFO  org.hibernate.annotations.common.Version  - HCANN000001: Hibernate Commons Annotations {4.0.1.Final}
[framework] 2013-07-28 05:22:50,504 - org.hibernate.Version -10   [main] INFO  org.hibernate.Version  - HHH000412: Hibernate Core {4.2.1.Final}
[framework] 2013-07-28 05:22:50,508 - org.hibernate.cfg.Environment -14   [main] INFO  org.hibernate.cfg.Environment  - HHH000206: hibernate.properties not found
[framework] 2013-07-28 05:22:50,509 - org.hibernate.cfg.Environment -15   [main] INFO  org.hibernate.cfg.Environment  - HHH000021: Bytecode provider name : javassist
[framework] 2013-07-28 05:22:51,088 - org.hibernate.service.jdbc.connections.internal.DriverManagerConnectionProviderImpl -594  [main] INFO  org.hibernate.service.jdbc.connections.internal.DriverManagerConnectionProviderImpl  - HHH000402: Using Hibernate built-in connection pool (not for production use!)
[framework] 2013-07-28 05:22:51,100 - org.hibernate.service.jdbc.connections.internal.DriverManagerConnectionProviderImpl -606  [main] INFO  org.hibernate.service.jdbc.connections.internal.DriverManagerConnectionProviderImpl  - HHH000115: Hibernate connection pool size: 20
[framework] 2013-07-28 05:22:51,101 - org.hibernate.service.jdbc.connections.internal.DriverManagerConnectionProviderImpl -607  [main] INFO  org.hibernate.service.jdbc.connections.internal.DriverManagerConnectionProviderImpl  - HHH000006: Autocommit mode: true
[framework] 2013-07-28 05:22:51,101 - org.hibernate.service.jdbc.connections.internal.DriverManagerConnectionProviderImpl -607  [main] INFO  org.hibernate.service.jdbc.connections.internal.DriverManagerConnectionProviderImpl  - HHH000401: using driver [com.mysql.jdbc.Driver] at URL [jdbc:mysql://localhost:3306/webapp?useUnicode=true&characterEncoding=UTF-8]
[framework] 2013-07-28 05:22:51,101 - org.hibernate.service.jdbc.connections.internal.DriverManagerConnectionProviderImpl -607  [main] INFO  org.hibernate.service.jdbc.connections.internal.DriverManagerConnectionProviderImpl  - HHH000046: Connection properties: {user=root, password=****, autocommit=true, release_mode=auto}
[framework] 2013-07-28 05:22:53,318 - org.hibernate.dialect.Dialect -2824 [main] INFO  org.hibernate.dialect.Dialect  - HHH000400: Using dialect: org.hibernate.dialect.MySQL5Dialect
[framework] 2013-07-28 05:22:53,350 - org.hibernate.engine.transaction.internal.TransactionFactoryInitiator -2856 [main] INFO  org.hibernate.engine.transaction.internal.TransactionFactoryInitiator  - HHH000268: Transaction strategy: org.hibernate.engine.transaction.internal.jdbc.JdbcTransactionFactory
[framework] 2013-07-28 05:22:53,356 - org.hibernate.hql.internal.ast.ASTQueryTranslatorFactory -2862 [main] INFO  org.hibernate.hql.internal.ast.ASTQueryTranslatorFactory  - HHH000397: Using ASTQueryTranslatorFactory
[framework] 2013-07-28 05:22:53,619 - org.hibernate.tool.hbm2ddl.SchemaUpdate -3125 [main] INFO  org.hibernate.tool.hbm2ddl.SchemaUpdate  - HHH000228: Running hbm2ddl schema update
[framework] 2013-07-28 05:22:53,620 - org.hibernate.tool.hbm2ddl.SchemaUpdate -3126 [main] INFO  org.hibernate.tool.hbm2ddl.SchemaUpdate  - HHH000102: Fetching database metadata
[framework] 2013-07-28 05:22:53,622 - org.hibernate.tool.hbm2ddl.SchemaUpdate -3128 [main] INFO  org.hibernate.tool.hbm2ddl.SchemaUpdate  - HHH000396: Updating schema
[framework] 2013-07-28 05:22:54,295 - org.hibernate.tool.hbm2ddl.TableMetadata -3801 [main] INFO  org.hibernate.tool.hbm2ddl.TableMetadata  - HHH000261: Table found: webapp.sysmenu
[framework] 2013-07-28 05:22:54,296 - org.hibernate.tool.hbm2ddl.TableMetadata -3802 [main] INFO  org.hibernate.tool.hbm2ddl.TableMetadata  - HHH000037: Columns: [id, text, parent, ordinal, levelcode, url, iconcls]
[framework] 2013-07-28 05:22:54,296 - org.hibernate.tool.hbm2ddl.TableMetadata -3802 [main] INFO  org.hibernate.tool.hbm2ddl.TableMetadata  - HHH000108: Foreign keys: [fk_444c458e93774403953672c4113]
[framework] 2013-07-28 05:22:54,296 - org.hibernate.tool.hbm2ddl.TableMetadata -3802 [main] INFO  org.hibernate.tool.hbm2ddl.TableMetadata  - HHH000126: Indexes: [fk_444c458e93774403953672c4113, primary]
[framework] 2013-07-28 05:22:54,414 - org.hibernate.tool.hbm2ddl.TableMetadata -3920 [main] INFO  org.hibernate.tool.hbm2ddl.TableMetadata  - HHH000261: Table found: webapp.sysrole
[framework] 2013-07-28 05:22:54,414 - org.hibernate.tool.hbm2ddl.TableMetadata -3920 [main] INFO  org.hibernate.tool.hbm2ddl.TableMetadata  - HHH000037: Columns: [id, name, note]
[framework] 2013-07-28 05:22:54,414 - org.hibernate.tool.hbm2ddl.TableMetadata -3920 [main] INFO  org.hibernate.tool.hbm2ddl.TableMetadata  - HHH000108: Foreign keys: []
[framework] 2013-07-28 05:22:54,414 - org.hibernate.tool.hbm2ddl.TableMetadata -3920 [main] INFO  org.hibernate.tool.hbm2ddl.TableMetadata  - HHH000126: Indexes: [primary]
[framework] 2013-07-28 05:22:54,551 - org.hibernate.tool.hbm2ddl.TableMetadata -4057 [main] INFO  org.hibernate.tool.hbm2ddl.TableMetadata  - HHH000261: Table found: webapp.sysrole_sysmenu
[framework] 2013-07-28 05:22:54,551 - org.hibernate.tool.hbm2ddl.TableMetadata -4057 [main] INFO  org.hibernate.tool.hbm2ddl.TableMetadata  - HHH000037: Columns: [sysroleid, sysmenuid]
[framework] 2013-07-28 05:22:54,551 - org.hibernate.tool.hbm2ddl.TableMetadata -4057 [main] INFO  org.hibernate.tool.hbm2ddl.TableMetadata  - HHH000108: Foreign keys: [fk_44c8eb72ac714ffbabd150a02a5, fk_b291c7d96ace40b283bbbb9c0ab]
[framework] 2013-07-28 05:22:54,551 - org.hibernate.tool.hbm2ddl.TableMetadata -4057 [main] INFO  org.hibernate.tool.hbm2ddl.TableMetadata  - HHH000126: Indexes: [fk_44c8eb72ac714ffbabd150a02a5, primary, fk_b291c7d96ace40b283bbbb9c0ab]
[framework] 2013-07-28 05:22:54,608 - org.hibernate.tool.hbm2ddl.TableMetadata -4114 [main] INFO  org.hibernate.tool.hbm2ddl.TableMetadata  - HHH000261: Table found: webapp.sysrole_sysuser
[framework] 2013-07-28 05:22:54,608 - org.hibernate.tool.hbm2ddl.TableMetadata -4114 [main] INFO  org.hibernate.tool.hbm2ddl.TableMetadata  - HHH000037: Columns: [sysuserset_id, sysrole_id]
[framework] 2013-07-28 05:22:54,608 - org.hibernate.tool.hbm2ddl.TableMetadata -4114 [main] INFO  org.hibernate.tool.hbm2ddl.TableMetadata  - HHH000108: Foreign keys: [fk_b256834a70b3473ea121e4a9107, fk_dbd572e30c6947e494d55071d66]
[framework] 2013-07-28 05:22:54,608 - org.hibernate.tool.hbm2ddl.TableMetadata -4114 [main] INFO  org.hibernate.tool.hbm2ddl.TableMetadata  - HHH000126: Indexes: [primary, fk_b256834a70b3473ea121e4a9107, fk_dbd572e30c6947e494d55071d66]
[framework] 2013-07-28 05:22:54,678 - org.hibernate.tool.hbm2ddl.TableMetadata -4184 [main] INFO  org.hibernate.tool.hbm2ddl.TableMetadata  - HHH000261: Table found: webapp.sysuser
[framework] 2013-07-28 05:22:54,679 - org.hibernate.tool.hbm2ddl.TableMetadata -4185 [main] INFO  org.hibernate.tool.hbm2ddl.TableMetadata  - HHH000037: Columns: [headimage, createtime, id, loginpassword, loginname, lastlogintime, nickname, sysuserstate]
[framework] 2013-07-28 05:22:54,679 - org.hibernate.tool.hbm2ddl.TableMetadata -4185 [main] INFO  org.hibernate.tool.hbm2ddl.TableMetadata  - HHH000108: Foreign keys: []
[framework] 2013-07-28 05:22:54,679 - org.hibernate.tool.hbm2ddl.TableMetadata -4185 [main] INFO  org.hibernate.tool.hbm2ddl.TableMetadata  - HHH000126: Indexes: [primary]
[framework] 2013-07-28 05:22:54,720 - org.hibernate.tool.hbm2ddl.TableMetadata -4226 [main] INFO  org.hibernate.tool.hbm2ddl.TableMetadata  - HHH000261: Table found: webapp.sysuser_sysmenu
[framework] 2013-07-28 05:22:54,721 - org.hibernate.tool.hbm2ddl.TableMetadata -4227 [main] INFO  org.hibernate.tool.hbm2ddl.TableMetadata  - HHH000037: Columns: [sysuserid, sysmenuid]
[framework] 2013-07-28 05:22:54,721 - org.hibernate.tool.hbm2ddl.TableMetadata -4227 [main] INFO  org.hibernate.tool.hbm2ddl.TableMetadata  - HHH000108: Foreign keys: [fk_b591a3907c6f4d639199c27c631, fk_0f944ce827b040f4afd31db66d4]
[framework] 2013-07-28 05:22:54,721 - org.hibernate.tool.hbm2ddl.TableMetadata -4227 [main] INFO  org.hibernate.tool.hbm2ddl.TableMetadata  - HHH000126: Indexes: [fk_b591a3907c6f4d639199c27c631, primary, fk_0f944ce827b040f4afd31db66d4]
[framework] 2013-07-28 05:22:54,757 - org.hibernate.tool.hbm2ddl.TableMetadata -4263 [main] INFO  org.hibernate.tool.hbm2ddl.TableMetadata  - HHH000261: Table found: webapp.sysuser_sysrole
[framework] 2013-07-28 05:22:54,757 - org.hibernate.tool.hbm2ddl.TableMetadata -4263 [main] INFO  org.hibernate.tool.hbm2ddl.TableMetadata  - HHH000037: Columns: [sysuserid, sysroleid]
[framework] 2013-07-28 05:22:54,758 - org.hibernate.tool.hbm2ddl.TableMetadata -4264 [main] INFO  org.hibernate.tool.hbm2ddl.TableMetadata  - HHH000108: Foreign keys: [fk_6f4e30cb0fc5407f9ef3d7d4570, fk_05552aa4abb041a8b0c60cea27d]
[framework] 2013-07-28 05:22:54,758 - org.hibernate.tool.hbm2ddl.TableMetadata -4264 [main] INFO  org.hibernate.tool.hbm2ddl.TableMetadata  - HHH000126: Indexes: [fk_6f4e30cb0fc5407f9ef3d7d4570, primary, fk_05552aa4abb041a8b0c60cea27d]
[framework] 2013-07-28 05:22:54,760 - org.hibernate.tool.hbm2ddl.SchemaUpdate -4266 [main] INFO  org.hibernate.tool.hbm2ddl.SchemaUpdate  - HHH000232: Schema update complete
[framework] 2013-07-28 07:14:01,761 - org.hibernate.annotations.common.Version -0    [main] INFO  org.hibernate.annotations.common.Version  - HCANN000001: Hibernate Commons Annotations {4.0.1.Final}
[framework] 2013-07-28 07:14:01,782 - org.hibernate.Version -21   [main] INFO  org.hibernate.Version  - HHH000412: Hibernate Core {4.2.1.Final}
[framework] 2013-07-28 07:14:01,786 - org.hibernate.cfg.Environment -25   [main] INFO  org.hibernate.cfg.Environment  - HHH000206: hibernate.properties not found
[framework] 2013-07-28 07:14:01,788 - org.hibernate.cfg.Environment -27   [main] INFO  org.hibernate.cfg.Environment  - HHH000021: Bytecode provider name : javassist
[framework] 2013-07-28 07:14:02,971 - org.hibernate.service.jdbc.connections.internal.DriverManagerConnectionProviderImpl -1210 [main] INFO  org.hibernate.service.jdbc.connections.internal.DriverManagerConnectionProviderImpl  - HHH000402: Using Hibernate built-in connection pool (not for production use!)
[framework] 2013-07-28 07:14:03,010 - org.hibernate.service.jdbc.connections.internal.DriverManagerConnectionProviderImpl -1249 [main] INFO  org.hibernate.service.jdbc.connections.internal.DriverManagerConnectionProviderImpl  - HHH000115: Hibernate connection pool size: 20
[framework] 2013-07-28 07:14:03,010 - org.hibernate.service.jdbc.connections.internal.DriverManagerConnectionProviderImpl -1249 [main] INFO  org.hibernate.service.jdbc.connections.internal.DriverManagerConnectionProviderImpl  - HHH000006: Autocommit mode: true
[framework] 2013-07-28 07:14:03,010 - org.hibernate.service.jdbc.connections.internal.DriverManagerConnectionProviderImpl -1249 [main] INFO  org.hibernate.service.jdbc.connections.internal.DriverManagerConnectionProviderImpl  - HHH000401: using driver [com.mysql.jdbc.Driver] at URL [jdbc:mysql://localhost:3306/webapp?useUnicode=true&characterEncoding=UTF-8]
[framework] 2013-07-28 07:14:03,010 - org.hibernate.service.jdbc.connections.internal.DriverManagerConnectionProviderImpl -1249 [main] INFO  org.hibernate.service.jdbc.connections.internal.DriverManagerConnectionProviderImpl  - HHH000046: Connection properties: {user=root, password=****, autocommit=true, release_mode=auto}
[framework] 2013-07-28 07:14:08,604 - org.hibernate.dialect.Dialect -6843 [main] INFO  org.hibernate.dialect.Dialect  - HHH000400: Using dialect: org.hibernate.dialect.MySQL5Dialect
[framework] 2013-07-28 07:14:08,649 - org.hibernate.engine.transaction.internal.TransactionFactoryInitiator -6888 [main] INFO  org.hibernate.engine.transaction.internal.TransactionFactoryInitiator  - HHH000268: Transaction strategy: org.hibernate.engine.transaction.internal.jdbc.JdbcTransactionFactory
[framework] 2013-07-28 07:14:08,654 - org.hibernate.hql.internal.ast.ASTQueryTranslatorFactory -6893 [main] INFO  org.hibernate.hql.internal.ast.ASTQueryTranslatorFactory  - HHH000397: Using ASTQueryTranslatorFactory
[framework] 2013-07-28 07:14:09,012 - org.hibernate.tool.hbm2ddl.SchemaUpdate -7251 [main] INFO  org.hibernate.tool.hbm2ddl.SchemaUpdate  - HHH000228: Running hbm2ddl schema update
[framework] 2013-07-28 07:14:09,012 - org.hibernate.tool.hbm2ddl.SchemaUpdate -7251 [main] INFO  org.hibernate.tool.hbm2ddl.SchemaUpdate  - HHH000102: Fetching database metadata
[framework] 2013-07-28 07:14:09,014 - org.hibernate.tool.hbm2ddl.SchemaUpdate -7253 [main] INFO  org.hibernate.tool.hbm2ddl.SchemaUpdate  - HHH000396: Updating schema
[framework] 2013-07-28 07:14:09,997 - org.hibernate.tool.hbm2ddl.TableMetadata -8236 [main] INFO  org.hibernate.tool.hbm2ddl.TableMetadata  - HHH000261: Table found: webapp.sysmenu
[framework] 2013-07-28 07:14:09,997 - org.hibernate.tool.hbm2ddl.TableMetadata -8236 [main] INFO  org.hibernate.tool.hbm2ddl.TableMetadata  - HHH000037: Columns: [id, text, parent, ordinal, levelcode, url, iconcls]
[framework] 2013-07-28 07:14:09,997 - org.hibernate.tool.hbm2ddl.TableMetadata -8236 [main] INFO  org.hibernate.tool.hbm2ddl.TableMetadata  - HHH000108: Foreign keys: [fk_444c458e93774403953672c4113]
[framework] 2013-07-28 07:14:09,998 - org.hibernate.tool.hbm2ddl.TableMetadata -8237 [main] INFO  org.hibernate.tool.hbm2ddl.TableMetadata  - HHH000126: Indexes: [fk_444c458e93774403953672c4113, primary]
[framework] 2013-07-28 07:14:10,128 - org.hibernate.tool.hbm2ddl.TableMetadata -8367 [main] INFO  org.hibernate.tool.hbm2ddl.TableMetadata  - HHH000261: Table found: webapp.sysrole
[framework] 2013-07-28 07:14:10,129 - org.hibernate.tool.hbm2ddl.TableMetadata -8368 [main] INFO  org.hibernate.tool.hbm2ddl.TableMetadata  - HHH000037: Columns: [id, name, note]
[framework] 2013-07-28 07:14:10,129 - org.hibernate.tool.hbm2ddl.TableMetadata -8368 [main] INFO  org.hibernate.tool.hbm2ddl.TableMetadata  - HHH000108: Foreign keys: []
[framework] 2013-07-28 07:14:10,129 - org.hibernate.tool.hbm2ddl.TableMetadata -8368 [main] INFO  org.hibernate.tool.hbm2ddl.TableMetadata  - HHH000126: Indexes: [primary]
[framework] 2013-07-28 07:14:10,242 - org.hibernate.tool.hbm2ddl.TableMetadata -8481 [main] INFO  org.hibernate.tool.hbm2ddl.TableMetadata  - HHH000261: Table found: webapp.sysrole_sysmenu
[framework] 2013-07-28 07:14:10,242 - org.hibernate.tool.hbm2ddl.TableMetadata -8481 [main] INFO  org.hibernate.tool.hbm2ddl.TableMetadata  - HHH000037: Columns: [sysroleid, sysmenuid]
[framework] 2013-07-28 07:14:10,242 - org.hibernate.tool.hbm2ddl.TableMetadata -8481 [main] INFO  org.hibernate.tool.hbm2ddl.TableMetadata  - HHH000108: Foreign keys: [fk_44c8eb72ac714ffbabd150a02a5, fk_b291c7d96ace40b283bbbb9c0ab]
[framework] 2013-07-28 07:14:10,242 - org.hibernate.tool.hbm2ddl.TableMetadata -8481 [main] INFO  org.hibernate.tool.hbm2ddl.TableMetadata  - HHH000126: Indexes: [fk_44c8eb72ac714ffbabd150a02a5, primary, fk_b291c7d96ace40b283bbbb9c0ab]
[framework] 2013-07-28 07:14:10,310 - org.hibernate.tool.hbm2ddl.TableMetadata -8549 [main] INFO  org.hibernate.tool.hbm2ddl.TableMetadata  - HHH000261: Table found: webapp.sysrole_sysuser
[framework] 2013-07-28 07:14:10,311 - org.hibernate.tool.hbm2ddl.TableMetadata -8550 [main] INFO  org.hibernate.tool.hbm2ddl.TableMetadata  - HHH000037: Columns: [sysuserset_id, sysrole_id]
[framework] 2013-07-28 07:14:10,311 - org.hibernate.tool.hbm2ddl.TableMetadata -8550 [main] INFO  org.hibernate.tool.hbm2ddl.TableMetadata  - HHH000108: Foreign keys: [fk_b256834a70b3473ea121e4a9107, fk_dbd572e30c6947e494d55071d66]
[framework] 2013-07-28 07:14:10,311 - org.hibernate.tool.hbm2ddl.TableMetadata -8550 [main] INFO  org.hibernate.tool.hbm2ddl.TableMetadata  - HHH000126: Indexes: [primary, fk_b256834a70b3473ea121e4a9107, fk_dbd572e30c6947e494d55071d66]
[framework] 2013-07-28 07:14:10,371 - org.hibernate.tool.hbm2ddl.TableMetadata -8610 [main] INFO  org.hibernate.tool.hbm2ddl.TableMetadata  - HHH000261: Table found: webapp.sysuser
[framework] 2013-07-28 07:14:10,371 - org.hibernate.tool.hbm2ddl.TableMetadata -8610 [main] INFO  org.hibernate.tool.hbm2ddl.TableMetadata  - HHH000037: Columns: [headimage, createtime, id, loginpassword, loginname, lastlogintime, nickname, sysuserstate]
[framework] 2013-07-28 07:14:10,371 - org.hibernate.tool.hbm2ddl.TableMetadata -8610 [main] INFO  org.hibernate.tool.hbm2ddl.TableMetadata  - HHH000108: Foreign keys: []
[framework] 2013-07-28 07:14:10,371 - org.hibernate.tool.hbm2ddl.TableMetadata -8610 [main] INFO  org.hibernate.tool.hbm2ddl.TableMetadata  - HHH000126: Indexes: [primary]
[framework] 2013-07-28 07:14:10,570 - org.hibernate.tool.hbm2ddl.TableMetadata -8809 [main] INFO  org.hibernate.tool.hbm2ddl.TableMetadata  - HHH000261: Table found: webapp.sysuser_sysmenu
[framework] 2013-07-28 07:14:10,571 - org.hibernate.tool.hbm2ddl.TableMetadata -8810 [main] INFO  org.hibernate.tool.hbm2ddl.TableMetadata  - HHH000037: Columns: [sysuserid, sysmenuid]
[framework] 2013-07-28 07:14:10,571 - org.hibernate.tool.hbm2ddl.TableMetadata -8810 [main] INFO  org.hibernate.tool.hbm2ddl.TableMetadata  - HHH000108: Foreign keys: [fk_b591a3907c6f4d639199c27c631, fk_0f944ce827b040f4afd31db66d4]
[framework] 2013-07-28 07:14:10,572 - org.hibernate.tool.hbm2ddl.TableMetadata -8811 [main] INFO  org.hibernate.tool.hbm2ddl.TableMetadata  - HHH000126: Indexes: [fk_b591a3907c6f4d639199c27c631, primary, fk_0f944ce827b040f4afd31db66d4]
[framework] 2013-07-28 07:14:10,668 - org.hibernate.tool.hbm2ddl.TableMetadata -8907 [main] INFO  org.hibernate.tool.hbm2ddl.TableMetadata  - HHH000261: Table found: webapp.sysuser_sysrole
[framework] 2013-07-28 07:14:10,669 - org.hibernate.tool.hbm2ddl.TableMetadata -8908 [main] INFO  org.hibernate.tool.hbm2ddl.TableMetadata  - HHH000037: Columns: [sysuserid, sysroleid]
[framework] 2013-07-28 07:14:10,669 - org.hibernate.tool.hbm2ddl.TableMetadata -8908 [main] INFO  org.hibernate.tool.hbm2ddl.TableMetadata  - HHH000108: Foreign keys: [fk_6f4e30cb0fc5407f9ef3d7d4570, fk_05552aa4abb041a8b0c60cea27d]
[framework] 2013-07-28 07:14:10,669 - org.hibernate.tool.hbm2ddl.TableMetadata -8908 [main] INFO  org.hibernate.tool.hbm2ddl.TableMetadata  - HHH000126: Indexes: [fk_6f4e30cb0fc5407f9ef3d7d4570, primary, fk_05552aa4abb041a8b0c60cea27d]
[framework] 2013-07-28 07:14:10,671 - org.hibernate.tool.hbm2ddl.SchemaUpdate -8910 [main] INFO  org.hibernate.tool.hbm2ddl.SchemaUpdate  - HHH000232: Schema update complete
[framework] 2013-07-28 07:37:33,680 - org.hibernate.annotations.common.Version -0    [main] INFO  org.hibernate.annotations.common.Version  - HCANN000001: Hibernate Commons Annotations {4.0.1.Final}
[framework] 2013-07-28 07:37:33,689 - org.hibernate.Version -9    [main] INFO  org.hibernate.Version  - HHH000412: Hibernate Core {4.2.1.Final}
[framework] 2013-07-28 07:37:33,693 - org.hibernate.cfg.Environment -13   [main] INFO  org.hibernate.cfg.Environment  - HHH000206: hibernate.properties not found
[framework] 2013-07-28 07:37:33,695 - org.hibernate.cfg.Environment -15   [main] INFO  org.hibernate.cfg.Environment  - HHH000021: Bytecode provider name : javassist
[framework] 2013-07-28 07:37:34,401 - org.hibernate.service.jdbc.connections.internal.DriverManagerConnectionProviderImpl -721  [main] INFO  org.hibernate.service.jdbc.connections.internal.DriverManagerConnectionProviderImpl  - HHH000402: Using Hibernate built-in connection pool (not for production use!)
[framework] 2013-07-28 07:37:34,429 - org.hibernate.service.jdbc.connections.internal.DriverManagerConnectionProviderImpl -749  [main] INFO  org.hibernate.service.jdbc.connections.internal.DriverManagerConnectionProviderImpl  - HHH000115: Hibernate connection pool size: 20
[framework] 2013-07-28 07:37:34,429 - org.hibernate.service.jdbc.connections.internal.DriverManagerConnectionProviderImpl -749  [main] INFO  org.hibernate.service.jdbc.connections.internal.DriverManagerConnectionProviderImpl  - HHH000006: Autocommit mode: true
[framework] 2013-07-28 07:37:34,429 - org.hibernate.service.jdbc.connections.internal.DriverManagerConnectionProviderImpl -749  [main] INFO  org.hibernate.service.jdbc.connections.internal.DriverManagerConnectionProviderImpl  - HHH000401: using driver [com.mysql.jdbc.Driver] at URL [jdbc:mysql://localhost:3306/webapp?useUnicode=true&characterEncoding=UTF-8]
[framework] 2013-07-28 07:37:34,429 - org.hibernate.service.jdbc.connections.internal.DriverManagerConnectionProviderImpl -749  [main] INFO  org.hibernate.service.jdbc.connections.internal.DriverManagerConnectionProviderImpl  - HHH000046: Connection properties: {user=root, password=****, autocommit=true, release_mode=auto}
[framework] 2013-07-28 07:37:35,093 - org.hibernate.dialect.Dialect -1413 [main] INFO  org.hibernate.dialect.Dialect  - HHH000400: Using dialect: org.hibernate.dialect.MySQL5Dialect
[framework] 2013-07-28 07:37:35,144 - org.hibernate.engine.transaction.internal.TransactionFactoryInitiator -1464 [main] INFO  org.hibernate.engine.transaction.internal.TransactionFactoryInitiator  - HHH000268: Transaction strategy: org.hibernate.engine.transaction.internal.jdbc.JdbcTransactionFactory
[framework] 2013-07-28 07:37:35,151 - org.hibernate.hql.internal.ast.ASTQueryTranslatorFactory -1471 [main] INFO  org.hibernate.hql.internal.ast.ASTQueryTranslatorFactory  - HHH000397: Using ASTQueryTranslatorFactory
[framework] 2013-07-28 07:37:35,417 - org.hibernate.tool.hbm2ddl.SchemaUpdate -1737 [main] INFO  org.hibernate.tool.hbm2ddl.SchemaUpdate  - HHH000228: Running hbm2ddl schema update
[framework] 2013-07-28 07:37:35,418 - org.hibernate.tool.hbm2ddl.SchemaUpdate -1738 [main] INFO  org.hibernate.tool.hbm2ddl.SchemaUpdate  - HHH000102: Fetching database metadata
[framework] 2013-07-28 07:37:35,420 - org.hibernate.tool.hbm2ddl.SchemaUpdate -1740 [main] INFO  org.hibernate.tool.hbm2ddl.SchemaUpdate  - HHH000396: Updating schema
[framework] 2013-07-28 07:37:35,492 - org.hibernate.tool.hbm2ddl.TableMetadata -1812 [main] INFO  org.hibernate.tool.hbm2ddl.TableMetadata  - HHH000261: Table found: webapp.sysmenu
[framework] 2013-07-28 07:37:35,493 - org.hibernate.tool.hbm2ddl.TableMetadata -1813 [main] INFO  org.hibernate.tool.hbm2ddl.TableMetadata  - HHH000037: Columns: [id, text, parent, ordinal, levelcode, url, iconcls]
[framework] 2013-07-28 07:37:35,493 - org.hibernate.tool.hbm2ddl.TableMetadata -1813 [main] INFO  org.hibernate.tool.hbm2ddl.TableMetadata  - HHH000108: Foreign keys: [fk_444c458e93774403953672c4113]
[framework] 2013-07-28 07:37:35,493 - org.hibernate.tool.hbm2ddl.TableMetadata -1813 [main] INFO  org.hibernate.tool.hbm2ddl.TableMetadata  - HHH000126: Indexes: [fk_444c458e93774403953672c4113, primary]
[framework] 2013-07-28 07:37:35,540 - org.hibernate.tool.hbm2ddl.TableMetadata -1860 [main] INFO  org.hibernate.tool.hbm2ddl.TableMetadata  - HHH000261: Table found: webapp.sysrole
[framework] 2013-07-28 07:37:35,540 - org.hibernate.tool.hbm2ddl.TableMetadata -1860 [main] INFO  org.hibernate.tool.hbm2ddl.TableMetadata  - HHH000037: Columns: [id, name, note]
[framework] 2013-07-28 07:37:35,541 - org.hibernate.tool.hbm2ddl.TableMetadata -1861 [main] INFO  org.hibernate.tool.hbm2ddl.TableMetadata  - HHH000108: Foreign keys: []
[framework] 2013-07-28 07:37:35,541 - org.hibernate.tool.hbm2ddl.TableMetadata -1861 [main] INFO  org.hibernate.tool.hbm2ddl.TableMetadata  - HHH000126: Indexes: [primary]
[framework] 2013-07-28 07:37:35,596 - org.hibernate.tool.hbm2ddl.TableMetadata -1916 [main] INFO  org.hibernate.tool.hbm2ddl.TableMetadata  - HHH000261: Table found: webapp.sysrole_sysmenu
[framework] 2013-07-28 07:37:35,596 - org.hibernate.tool.hbm2ddl.TableMetadata -1916 [main] INFO  org.hibernate.tool.hbm2ddl.TableMetadata  - HHH000037: Columns: [sysroleid, sysmenuid]
[framework] 2013-07-28 07:37:35,596 - org.hibernate.tool.hbm2ddl.TableMetadata -1916 [main] INFO  org.hibernate.tool.hbm2ddl.TableMetadata  - HHH000108: Foreign keys: [fk_44c8eb72ac714ffbabd150a02a5, fk_b291c7d96ace40b283bbbb9c0ab]
[framework] 2013-07-28 07:37:35,596 - org.hibernate.tool.hbm2ddl.TableMetadata -1916 [main] INFO  org.hibernate.tool.hbm2ddl.TableMetadata  - HHH000126: Indexes: [fk_44c8eb72ac714ffbabd150a02a5, primary, fk_b291c7d96ace40b283bbbb9c0ab]
[framework] 2013-07-28 07:37:35,632 - org.hibernate.tool.hbm2ddl.TableMetadata -1952 [main] INFO  org.hibernate.tool.hbm2ddl.TableMetadata  - HHH000261: Table found: webapp.sysrole_sysuser
[framework] 2013-07-28 07:37:35,632 - org.hibernate.tool.hbm2ddl.TableMetadata -1952 [main] INFO  org.hibernate.tool.hbm2ddl.TableMetadata  - HHH000037: Columns: [sysuserset_id, sysrole_id]
[framework] 2013-07-28 07:37:35,632 - org.hibernate.tool.hbm2ddl.TableMetadata -1952 [main] INFO  org.hibernate.tool.hbm2ddl.TableMetadata  - HHH000108: Foreign keys: [fk_b256834a70b3473ea121e4a9107, fk_dbd572e30c6947e494d55071d66]
[framework] 2013-07-28 07:37:35,633 - org.hibernate.tool.hbm2ddl.TableMetadata -1953 [main] INFO  org.hibernate.tool.hbm2ddl.TableMetadata  - HHH000126: Indexes: [primary, fk_b256834a70b3473ea121e4a9107, fk_dbd572e30c6947e494d55071d66]
[framework] 2013-07-28 07:37:35,654 - org.hibernate.tool.hbm2ddl.TableMetadata -1974 [main] INFO  org.hibernate.tool.hbm2ddl.TableMetadata  - HHH000261: Table found: webapp.sysuser
[framework] 2013-07-28 07:37:35,654 - org.hibernate.tool.hbm2ddl.TableMetadata -1974 [main] INFO  org.hibernate.tool.hbm2ddl.TableMetadata  - HHH000037: Columns: [headimage, createtime, id, loginpassword, loginname, lastlogintime, nickname, sysuserstate]
[framework] 2013-07-28 07:37:35,654 - org.hibernate.tool.hbm2ddl.TableMetadata -1974 [main] INFO  org.hibernate.tool.hbm2ddl.TableMetadata  - HHH000108: Foreign keys: []
[framework] 2013-07-28 07:37:35,655 - org.hibernate.tool.hbm2ddl.TableMetadata -1975 [main] INFO  org.hibernate.tool.hbm2ddl.TableMetadata  - HHH000126: Indexes: [primary]
[framework] 2013-07-28 07:37:35,704 - org.hibernate.tool.hbm2ddl.TableMetadata -2024 [main] INFO  org.hibernate.tool.hbm2ddl.TableMetadata  - HHH000261: Table found: webapp.sysuser_sysmenu
[framework] 2013-07-28 07:37:35,704 - org.hibernate.tool.hbm2ddl.TableMetadata -2024 [main] INFO  org.hibernate.tool.hbm2ddl.TableMetadata  - HHH000037: Columns: [sysuserid, sysmenuid]
[framework] 2013-07-28 07:37:35,705 - org.hibernate.tool.hbm2ddl.TableMetadata -2025 [main] INFO  org.hibernate.tool.hbm2ddl.TableMetadata  - HHH000108: Foreign keys: [fk_b591a3907c6f4d639199c27c631, fk_0f944ce827b040f4afd31db66d4]
[framework] 2013-07-28 07:37:35,705 - org.hibernate.tool.hbm2ddl.TableMetadata -2025 [main] INFO  org.hibernate.tool.hbm2ddl.TableMetadata  - HHH000126: Indexes: [fk_b591a3907c6f4d639199c27c631, primary, fk_0f944ce827b040f4afd31db66d4]
[framework] 2013-07-28 07:37:35,737 - org.hibernate.tool.hbm2ddl.TableMetadata -2057 [main] INFO  org.hibernate.tool.hbm2ddl.TableMetadata  - HHH000261: Table found: webapp.sysuser_sysrole
[framework] 2013-07-28 07:37:35,737 - org.hibernate.tool.hbm2ddl.TableMetadata -2057 [main] INFO  org.hibernate.tool.hbm2ddl.TableMetadata  - HHH000037: Columns: [sysuserid, sysroleid]
[framework] 2013-07-28 07:37:35,737 - org.hibernate.tool.hbm2ddl.TableMetadata -2057 [main] INFO  org.hibernate.tool.hbm2ddl.TableMetadata  - HHH000108: Foreign keys: [fk_6f4e30cb0fc5407f9ef3d7d4570, fk_05552aa4abb041a8b0c60cea27d]
[framework] 2013-07-28 07:37:35,737 - org.hibernate.tool.hbm2ddl.TableMetadata -2057 [main] INFO  org.hibernate.tool.hbm2ddl.TableMetadata  - HHH000126: Indexes: [fk_6f4e30cb0fc5407f9ef3d7d4570, primary, fk_05552aa4abb041a8b0c60cea27d]
[framework] 2013-07-28 07:37:35,739 - org.hibernate.tool.hbm2ddl.SchemaUpdate -2059 [main] INFO  org.hibernate.tool.hbm2ddl.SchemaUpdate  - HHH000232: Schema update complete
[framework] 2013-07-28 07:39:06,173 - org.hibernate.annotations.common.Version -0    [main] INFO  org.hibernate.annotations.common.Version  - HCANN000001: Hibernate Commons Annotations {4.0.1.Final}
[framework] 2013-07-28 07:39:06,184 - org.hibernate.Version -11   [main] INFO  org.hibernate.Version  - HHH000412: Hibernate Core {4.2.1.Final}
[framework] 2013-07-28 07:39:06,188 - org.hibernate.cfg.Environment -15   [main] INFO  org.hibernate.cfg.Environment  - HHH000206: hibernate.properties not found
[framework] 2013-07-28 07:39:06,189 - org.hibernate.cfg.Environment -16   [main] INFO  org.hibernate.cfg.Environment  - HHH000021: Bytecode provider name : javassist
[framework] 2013-07-28 07:39:06,825 - org.hibernate.service.jdbc.connections.internal.DriverManagerConnectionProviderImpl -652  [main] INFO  org.hibernate.service.jdbc.connections.internal.DriverManagerConnectionProviderImpl  - HHH000402: Using Hibernate built-in connection pool (not for production use!)
[framework] 2013-07-28 07:39:50,705 - org.hibernate.annotations.common.Version -0    [main] INFO  org.hibernate.annotations.common.Version  - HCANN000001: Hibernate Commons Annotations {4.0.1.Final}
[framework] 2013-07-28 07:39:50,714 - org.hibernate.Version -9    [main] INFO  org.hibernate.Version  - HHH000412: Hibernate Core {4.2.1.Final}
[framework] 2013-07-28 07:39:50,718 - org.hibernate.cfg.Environment -13   [main] INFO  org.hibernate.cfg.Environment  - HHH000206: hibernate.properties not found
[framework] 2013-07-28 07:39:50,720 - org.hibernate.cfg.Environment -15   [main] INFO  org.hibernate.cfg.Environment  - HHH000021: Bytecode provider name : javassist
[framework] 2013-07-28 07:39:51,118 - org.hibernate.service.jdbc.connections.internal.DriverManagerConnectionProviderImpl -413  [main] INFO  org.hibernate.service.jdbc.connections.internal.DriverManagerConnectionProviderImpl  - HHH000402: Using Hibernate built-in connection pool (not for production use!)
[framework] 2013-07-28 07:41:08,554 - org.hibernate.annotations.common.Version -0    [main] INFO  org.hibernate.annotations.common.Version  - HCANN000001: Hibernate Commons Annotations {4.0.1.Final}
[framework] 2013-07-28 07:41:08,563 - org.hibernate.Version -9    [main] INFO  org.hibernate.Version  - HHH000412: Hibernate Core {4.2.1.Final}
[framework] 2013-07-28 07:41:08,568 - org.hibernate.cfg.Environment -14   [main] INFO  org.hibernate.cfg.Environment  - HHH000206: hibernate.properties not found
[framework] 2013-07-28 07:41:08,570 - org.hibernate.cfg.Environment -16   [main] INFO  org.hibernate.cfg.Environment  - HHH000021: Bytecode provider name : javassist
[framework] 2013-07-28 07:41:08,982 - org.hibernate.service.jdbc.connections.internal.DriverManagerConnectionProviderImpl -428  [main] INFO  org.hibernate.service.jdbc.connections.internal.DriverManagerConnectionProviderImpl  - HHH000402: Using Hibernate built-in connection pool (not for production use!)
[framework] 2013-07-28 07:41:08,993 - org.hibernate.service.jdbc.connections.internal.DriverManagerConnectionProviderImpl -439  [main] INFO  org.hibernate.service.jdbc.connections.internal.DriverManagerConnectionProviderImpl  - HHH000115: Hibernate connection pool size: 20
[framework] 2013-07-28 07:41:08,993 - org.hibernate.service.jdbc.connections.internal.DriverManagerConnectionProviderImpl -439  [main] INFO  org.hibernate.service.jdbc.connections.internal.DriverManagerConnectionProviderImpl  - HHH000006: Autocommit mode: true
[framework] 2013-07-28 07:41:08,994 - org.hibernate.service.jdbc.connections.internal.DriverManagerConnectionProviderImpl -440  [main] INFO  org.hibernate.service.jdbc.connections.internal.DriverManagerConnectionProviderImpl  - HHH000401: using driver [com.mysql.jdbc.Driver] at URL [jdbc:mysql://localhost:3306/webapp?useUnicode=true&characterEncoding=UTF-8]
[framework] 2013-07-28 07:41:08,994 - org.hibernate.service.jdbc.connections.internal.DriverManagerConnectionProviderImpl -440  [main] INFO  org.hibernate.service.jdbc.connections.internal.DriverManagerConnectionProviderImpl  - HHH000046: Connection properties: {user=root, password=****, autocommit=true, release_mode=auto}
[framework] 2013-07-28 07:41:09,487 - org.hibernate.dialect.Dialect -933  [main] INFO  org.hibernate.dialect.Dialect  - HHH000400: Using dialect: org.hibernate.dialect.MySQL5Dialect
[framework] 2013-07-28 07:41:09,514 - org.hibernate.engine.transaction.internal.TransactionFactoryInitiator -960  [main] INFO  org.hibernate.engine.transaction.internal.TransactionFactoryInitiator  - HHH000268: Transaction strategy: org.hibernate.engine.transaction.internal.jdbc.JdbcTransactionFactory
[framework] 2013-07-28 07:41:09,520 - org.hibernate.hql.internal.ast.ASTQueryTranslatorFactory -966  [main] INFO  org.hibernate.hql.internal.ast.ASTQueryTranslatorFactory  - HHH000397: Using ASTQueryTranslatorFactory
[framework] 2013-07-28 07:41:09,788 - org.hibernate.tool.hbm2ddl.SchemaUpdate -1234 [main] INFO  org.hibernate.tool.hbm2ddl.SchemaUpdate  - HHH000228: Running hbm2ddl schema update
[framework] 2013-07-28 07:41:09,788 - org.hibernate.tool.hbm2ddl.SchemaUpdate -1234 [main] INFO  org.hibernate.tool.hbm2ddl.SchemaUpdate  - HHH000102: Fetching database metadata
[framework] 2013-07-28 07:41:09,790 - org.hibernate.tool.hbm2ddl.SchemaUpdate -1236 [main] INFO  org.hibernate.tool.hbm2ddl.SchemaUpdate  - HHH000396: Updating schema
[framework] 2013-07-28 07:41:09,824 - org.hibernate.tool.hbm2ddl.TableMetadata -1270 [main] INFO  org.hibernate.tool.hbm2ddl.TableMetadata  - HHH000261: Table found: webapp.sysmenu
[framework] 2013-07-28 07:41:09,824 - org.hibernate.tool.hbm2ddl.TableMetadata -1270 [main] INFO  org.hibernate.tool.hbm2ddl.TableMetadata  - HHH000037: Columns: [id, text, parent, ordinal, levelcode, url, iconcls]
[framework] 2013-07-28 07:41:09,824 - org.hibernate.tool.hbm2ddl.TableMetadata -1270 [main] INFO  org.hibernate.tool.hbm2ddl.TableMetadata  - HHH000108: Foreign keys: [fk_444c458e93774403953672c4113]
[framework] 2013-07-28 07:41:09,824 - org.hibernate.tool.hbm2ddl.TableMetadata -1270 [main] INFO  org.hibernate.tool.hbm2ddl.TableMetadata  - HHH000126: Indexes: [fk_444c458e93774403953672c4113, primary]
[framework] 2013-07-28 07:41:09,839 - org.hibernate.tool.hbm2ddl.TableMetadata -1285 [main] INFO  org.hibernate.tool.hbm2ddl.TableMetadata  - HHH000261: Table found: webapp.sysrole
[framework] 2013-07-28 07:41:09,840 - org.hibernate.tool.hbm2ddl.TableMetadata -1286 [main] INFO  org.hibernate.tool.hbm2ddl.TableMetadata  - HHH000037: Columns: [id, name, note]
[framework] 2013-07-28 07:41:09,840 - org.hibernate.tool.hbm2ddl.TableMetadata -1286 [main] INFO  org.hibernate.tool.hbm2ddl.TableMetadata  - HHH000108: Foreign keys: []
[framework] 2013-07-28 07:41:09,840 - org.hibernate.tool.hbm2ddl.TableMetadata -1286 [main] INFO  org.hibernate.tool.hbm2ddl.TableMetadata  - HHH000126: Indexes: [primary]
[framework] 2013-07-28 07:41:09,857 - org.hibernate.tool.hbm2ddl.TableMetadata -1303 [main] INFO  org.hibernate.tool.hbm2ddl.TableMetadata  - HHH000261: Table found: webapp.sysrole_sysmenu
[framework] 2013-07-28 07:41:09,857 - org.hibernate.tool.hbm2ddl.TableMetadata -1303 [main] INFO  org.hibernate.tool.hbm2ddl.TableMetadata  - HHH000037: Columns: [sysroleid, sysmenuid]
[framework] 2013-07-28 07:41:09,858 - org.hibernate.tool.hbm2ddl.TableMetadata -1304 [main] INFO  org.hibernate.tool.hbm2ddl.TableMetadata  - HHH000108: Foreign keys: [fk_44c8eb72ac714ffbabd150a02a5, fk_b291c7d96ace40b283bbbb9c0ab]
[framework] 2013-07-28 07:41:09,858 - org.hibernate.tool.hbm2ddl.TableMetadata -1304 [main] INFO  org.hibernate.tool.hbm2ddl.TableMetadata  - HHH000126: Indexes: [fk_44c8eb72ac714ffbabd150a02a5, primary, fk_b291c7d96ace40b283bbbb9c0ab]
[framework] 2013-07-28 07:41:09,874 - org.hibernate.tool.hbm2ddl.TableMetadata -1320 [main] INFO  org.hibernate.tool.hbm2ddl.TableMetadata  - HHH000261: Table found: webapp.sysrole_sysuser
[framework] 2013-07-28 07:41:09,874 - org.hibernate.tool.hbm2ddl.TableMetadata -1320 [main] INFO  org.hibernate.tool.hbm2ddl.TableMetadata  - HHH000037: Columns: [sysuserset_id, sysrole_id]
[framework] 2013-07-28 07:41:09,874 - org.hibernate.tool.hbm2ddl.TableMetadata -1320 [main] INFO  org.hibernate.tool.hbm2ddl.TableMetadata  - HHH000108: Foreign keys: [fk_b256834a70b3473ea121e4a9107, fk_dbd572e30c6947e494d55071d66]
[framework] 2013-07-28 07:41:09,874 - org.hibernate.tool.hbm2ddl.TableMetadata -1320 [main] INFO  org.hibernate.tool.hbm2ddl.TableMetadata  - HHH000126: Indexes: [primary, fk_b256834a70b3473ea121e4a9107, fk_dbd572e30c6947e494d55071d66]
[framework] 2013-07-28 07:41:09,890 - org.hibernate.tool.hbm2ddl.TableMetadata -1336 [main] INFO  org.hibernate.tool.hbm2ddl.TableMetadata  - HHH000261: Table found: webapp.sysuser
[framework] 2013-07-28 07:41:09,890 - org.hibernate.tool.hbm2ddl.TableMetadata -1336 [main] INFO  org.hibernate.tool.hbm2ddl.TableMetadata  - HHH000037: Columns: [headimage, createtime, id, loginpassword, loginname, lastlogintime, nickname, sysuserstate]
[framework] 2013-07-28 07:41:09,891 - org.hibernate.tool.hbm2ddl.TableMetadata -1337 [main] INFO  org.hibernate.tool.hbm2ddl.TableMetadata  - HHH000108: Foreign keys: []
[framework] 2013-07-28 07:41:09,891 - org.hibernate.tool.hbm2ddl.TableMetadata -1337 [main] INFO  org.hibernate.tool.hbm2ddl.TableMetadata  - HHH000126: Indexes: [primary]
[framework] 2013-07-28 07:41:09,904 - org.hibernate.tool.hbm2ddl.TableMetadata -1350 [main] INFO  org.hibernate.tool.hbm2ddl.TableMetadata  - HHH000261: Table found: webapp.sysuser_sysmenu
[framework] 2013-07-28 07:41:09,905 - org.hibernate.tool.hbm2ddl.TableMetadata -1351 [main] INFO  org.hibernate.tool.hbm2ddl.TableMetadata  - HHH000037: Columns: [sysuserid, sysmenuid]
[framework] 2013-07-28 07:41:09,905 - org.hibernate.tool.hbm2ddl.TableMetadata -1351 [main] INFO  org.hibernate.tool.hbm2ddl.TableMetadata  - HHH000108: Foreign keys: [fk_b591a3907c6f4d639199c27c631, fk_0f944ce827b040f4afd31db66d4]
[framework] 2013-07-28 07:41:09,905 - org.hibernate.tool.hbm2ddl.TableMetadata -1351 [main] INFO  org.hibernate.tool.hbm2ddl.TableMetadata  - HHH000126: Indexes: [fk_b591a3907c6f4d639199c27c631, primary, fk_0f944ce827b040f4afd31db66d4]
[framework] 2013-07-28 07:41:09,920 - org.hibernate.tool.hbm2ddl.TableMetadata -1366 [main] INFO  org.hibernate.tool.hbm2ddl.TableMetadata  - HHH000261: Table found: webapp.sysuser_sysrole
[framework] 2013-07-28 07:41:09,920 - org.hibernate.tool.hbm2ddl.TableMetadata -1366 [main] INFO  org.hibernate.tool.hbm2ddl.TableMetadata  - HHH000037: Columns: [sysuserid, sysroleid]
[framework] 2013-07-28 07:41:09,920 - org.hibernate.tool.hbm2ddl.TableMetadata -1366 [main] INFO  org.hibernate.tool.hbm2ddl.TableMetadata  - HHH000108: Foreign keys: [fk_6f4e30cb0fc5407f9ef3d7d4570, fk_05552aa4abb041a8b0c60cea27d]
[framework] 2013-07-28 07:41:09,920 - org.hibernate.tool.hbm2ddl.TableMetadata -1366 [main] INFO  org.hibernate.tool.hbm2ddl.TableMetadata  - HHH000126: Indexes: [fk_6f4e30cb0fc5407f9ef3d7d4570, primary, fk_05552aa4abb041a8b0c60cea27d]
[framework] 2013-07-28 07:41:09,921 - org.hibernate.tool.hbm2ddl.SchemaUpdate -1367 [main] INFO  org.hibernate.tool.hbm2ddl.SchemaUpdate  - HHH000232: Schema update complete
[framework] 2013-07-28 07:41:35,179 - org.hibernate.annotations.common.Version -0    [main] INFO  org.hibernate.annotations.common.Version  - HCANN000001: Hibernate Commons Annotations {4.0.1.Final}
[framework] 2013-07-28 07:41:35,188 - org.hibernate.Version -9    [main] INFO  org.hibernate.Version  - HHH000412: Hibernate Core {4.2.1.Final}
[framework] 2013-07-28 07:41:35,192 - org.hibernate.cfg.Environment -13   [main] INFO  org.hibernate.cfg.Environment  - HHH000206: hibernate.properties not found
[framework] 2013-07-28 07:41:35,194 - org.hibernate.cfg.Environment -15   [main] INFO  org.hibernate.cfg.Environment  - HHH000021: Bytecode provider name : javassist
[framework] 2013-07-28 07:41:35,599 - org.hibernate.service.jdbc.connections.internal.DriverManagerConnectionProviderImpl -420  [main] INFO  org.hibernate.service.jdbc.connections.internal.DriverManagerConnectionProviderImpl  - HHH000402: Using Hibernate built-in connection pool (not for production use!)
[framework] 2013-07-28 07:41:35,610 - org.hibernate.service.jdbc.connections.internal.DriverManagerConnectionProviderImpl -431  [main] INFO  org.hibernate.service.jdbc.connections.internal.DriverManagerConnectionProviderImpl  - HHH000115: Hibernate connection pool size: 20
[framework] 2013-07-28 07:41:35,610 - org.hibernate.service.jdbc.connections.internal.DriverManagerConnectionProviderImpl -431  [main] INFO  org.hibernate.service.jdbc.connections.internal.DriverManagerConnectionProviderImpl  - HHH000006: Autocommit mode: true
[framework] 2013-07-28 07:41:35,610 - org.hibernate.service.jdbc.connections.internal.DriverManagerConnectionProviderImpl -431  [main] INFO  org.hibernate.service.jdbc.connections.internal.DriverManagerConnectionProviderImpl  - HHH000401: using driver [com.mysql.jdbc.Driver] at URL [jdbc:mysql://localhost:3306/webapp?useUnicode=true&characterEncoding=UTF-8]
[framework] 2013-07-28 07:41:35,611 - org.hibernate.service.jdbc.connections.internal.DriverManagerConnectionProviderImpl -432  [main] INFO  org.hibernate.service.jdbc.connections.internal.DriverManagerConnectionProviderImpl  - HHH000046: Connection properties: {user=root, password=****, autocommit=true, release_mode=auto}
[framework] 2013-07-28 07:41:35,993 - org.hibernate.dialect.Dialect -814  [main] INFO  org.hibernate.dialect.Dialect  - HHH000400: Using dialect: org.hibernate.dialect.MySQL5Dialect
[framework] 2013-07-28 07:41:36,019 - org.hibernate.engine.transaction.internal.TransactionFactoryInitiator -840  [main] INFO  org.hibernate.engine.transaction.internal.TransactionFactoryInitiator  - HHH000268: Transaction strategy: org.hibernate.engine.transaction.internal.jdbc.JdbcTransactionFactory
[framework] 2013-07-28 07:41:36,024 - org.hibernate.hql.internal.ast.ASTQueryTranslatorFactory -845  [main] INFO  org.hibernate.hql.internal.ast.ASTQueryTranslatorFactory  - HHH000397: Using ASTQueryTranslatorFactory
[framework] 2013-07-28 07:41:36,328 - org.hibernate.tool.hbm2ddl.SchemaUpdate -1149 [main] INFO  org.hibernate.tool.hbm2ddl.SchemaUpdate  - HHH000228: Running hbm2ddl schema update
[framework] 2013-07-28 07:41:36,329 - org.hibernate.tool.hbm2ddl.SchemaUpdate -1150 [main] INFO  org.hibernate.tool.hbm2ddl.SchemaUpdate  - HHH000102: Fetching database metadata
[framework] 2013-07-28 07:41:36,331 - org.hibernate.tool.hbm2ddl.SchemaUpdate -1152 [main] INFO  org.hibernate.tool.hbm2ddl.SchemaUpdate  - HHH000396: Updating schema
[framework] 2013-07-28 07:41:36,363 - org.hibernate.tool.hbm2ddl.TableMetadata -1184 [main] INFO  org.hibernate.tool.hbm2ddl.TableMetadata  - HHH000261: Table found: webapp.sysmenu
[framework] 2013-07-28 07:41:36,364 - org.hibernate.tool.hbm2ddl.TableMetadata -1185 [main] INFO  org.hibernate.tool.hbm2ddl.TableMetadata  - HHH000037: Columns: [id, text, parent, ordinal, levelcode, url, iconcls]
[framework] 2013-07-28 07:41:36,364 - org.hibernate.tool.hbm2ddl.TableMetadata -1185 [main] INFO  org.hibernate.tool.hbm2ddl.TableMetadata  - HHH000108: Foreign keys: [fk_444c458e93774403953672c4113]
[framework] 2013-07-28 07:41:36,364 - org.hibernate.tool.hbm2ddl.TableMetadata -1185 [main] INFO  org.hibernate.tool.hbm2ddl.TableMetadata  - HHH000126: Indexes: [fk_444c458e93774403953672c4113, primary]
[framework] 2013-07-28 07:41:36,380 - org.hibernate.tool.hbm2ddl.TableMetadata -1201 [main] INFO  org.hibernate.tool.hbm2ddl.TableMetadata  - HHH000261: Table found: webapp.sysrole
[framework] 2013-07-28 07:41:36,380 - org.hibernate.tool.hbm2ddl.TableMetadata -1201 [main] INFO  org.hibernate.tool.hbm2ddl.TableMetadata  - HHH000037: Columns: [id, name, note]
[framework] 2013-07-28 07:41:36,380 - org.hibernate.tool.hbm2ddl.TableMetadata -1201 [main] INFO  org.hibernate.tool.hbm2ddl.TableMetadata  - HHH000108: Foreign keys: []
[framework] 2013-07-28 07:41:36,380 - org.hibernate.tool.hbm2ddl.TableMetadata -1201 [main] INFO  org.hibernate.tool.hbm2ddl.TableMetadata  - HHH000126: Indexes: [primary]
[framework] 2013-07-28 07:41:36,396 - org.hibernate.tool.hbm2ddl.TableMetadata -1217 [main] INFO  org.hibernate.tool.hbm2ddl.TableMetadata  - HHH000261: Table found: webapp.sysrole_sysmenu
[framework] 2013-07-28 07:41:36,396 - org.hibernate.tool.hbm2ddl.TableMetadata -1217 [main] INFO  org.hibernate.tool.hbm2ddl.TableMetadata  - HHH000037: Columns: [sysroleid, sysmenuid]
[framework] 2013-07-28 07:41:36,396 - org.hibernate.tool.hbm2ddl.TableMetadata -1217 [main] INFO  org.hibernate.tool.hbm2ddl.TableMetadata  - HHH000108: Foreign keys: [fk_44c8eb72ac714ffbabd150a02a5, fk_b291c7d96ace40b283bbbb9c0ab]
[framework] 2013-07-28 07:41:36,396 - org.hibernate.tool.hbm2ddl.TableMetadata -1217 [main] INFO  org.hibernate.tool.hbm2ddl.TableMetadata  - HHH000126: Indexes: [fk_44c8eb72ac714ffbabd150a02a5, primary, fk_b291c7d96ace40b283bbbb9c0ab]
[framework] 2013-07-28 07:41:36,410 - org.hibernate.tool.hbm2ddl.TableMetadata -1231 [main] INFO  org.hibernate.tool.hbm2ddl.TableMetadata  - HHH000261: Table found: webapp.sysrole_sysuser
[framework] 2013-07-28 07:41:36,411 - org.hibernate.tool.hbm2ddl.TableMetadata -1232 [main] INFO  org.hibernate.tool.hbm2ddl.TableMetadata  - HHH000037: Columns: [sysuserset_id, sysrole_id]
[framework] 2013-07-28 07:41:36,411 - org.hibernate.tool.hbm2ddl.TableMetadata -1232 [main] INFO  org.hibernate.tool.hbm2ddl.TableMetadata  - HHH000108: Foreign keys: [fk_b256834a70b3473ea121e4a9107, fk_dbd572e30c6947e494d55071d66]
[framework] 2013-07-28 07:41:36,411 - org.hibernate.tool.hbm2ddl.TableMetadata -1232 [main] INFO  org.hibernate.tool.hbm2ddl.TableMetadata  - HHH000126: Indexes: [primary, fk_b256834a70b3473ea121e4a9107, fk_dbd572e30c6947e494d55071d66]
[framework] 2013-07-28 07:41:36,425 - org.hibernate.tool.hbm2ddl.TableMetadata -1246 [main] INFO  org.hibernate.tool.hbm2ddl.TableMetadata  - HHH000261: Table found: webapp.sysuser
[framework] 2013-07-28 07:41:36,426 - org.hibernate.tool.hbm2ddl.TableMetadata -1247 [main] INFO  org.hibernate.tool.hbm2ddl.TableMetadata  - HHH000037: Columns: [headimage, createtime, id, loginpassword, loginname, lastlogintime, nickname, sysuserstate]
[framework] 2013-07-28 07:41:36,426 - org.hibernate.tool.hbm2ddl.TableMetadata -1247 [main] INFO  org.hibernate.tool.hbm2ddl.TableMetadata  - HHH000108: Foreign keys: []
[framework] 2013-07-28 07:41:36,426 - org.hibernate.tool.hbm2ddl.TableMetadata -1247 [main] INFO  org.hibernate.tool.hbm2ddl.TableMetadata  - HHH000126: Indexes: [primary]
[framework] 2013-07-28 07:41:36,442 - org.hibernate.tool.hbm2ddl.TableMetadata -1263 [main] INFO  org.hibernate.tool.hbm2ddl.TableMetadata  - HHH000261: Table found: webapp.sysuser_sysmenu
[framework] 2013-07-28 07:41:36,442 - org.hibernate.tool.hbm2ddl.TableMetadata -1263 [main] INFO  org.hibernate.tool.hbm2ddl.TableMetadata  - HHH000037: Columns: [sysuserid, sysmenuid]
[framework] 2013-07-28 07:41:36,443 - org.hibernate.tool.hbm2ddl.TableMetadata -1264 [main] INFO  org.hibernate.tool.hbm2ddl.TableMetadata  - HHH000108: Foreign keys: [fk_b591a3907c6f4d639199c27c631, fk_0f944ce827b040f4afd31db66d4]
[framework] 2013-07-28 07:41:36,443 - org.hibernate.tool.hbm2ddl.TableMetadata -1264 [main] INFO  org.hibernate.tool.hbm2ddl.TableMetadata  - HHH000126: Indexes: [fk_b591a3907c6f4d639199c27c631, primary, fk_0f944ce827b040f4afd31db66d4]
[framework] 2013-07-28 07:41:36,458 - org.hibernate.tool.hbm2ddl.TableMetadata -1279 [main] INFO  org.hibernate.tool.hbm2ddl.TableMetadata  - HHH000261: Table found: webapp.sysuser_sysrole
[framework] 2013-07-28 07:41:36,458 - org.hibernate.tool.hbm2ddl.TableMetadata -1279 [main] INFO  org.hibernate.tool.hbm2ddl.TableMetadata  - HHH000037: Columns: [sysuserid, sysroleid]
[framework] 2013-07-28 07:41:36,458 - org.hibernate.tool.hbm2ddl.TableMetadata -1279 [main] INFO  org.hibernate.tool.hbm2ddl.TableMetadata  - HHH000108: Foreign keys: [fk_6f4e30cb0fc5407f9ef3d7d4570, fk_05552aa4abb041a8b0c60cea27d]
[framework] 2013-07-28 07:41:36,459 - org.hibernate.tool.hbm2ddl.TableMetadata -1280 [main] INFO  org.hibernate.tool.hbm2ddl.TableMetadata  - HHH000126: Indexes: [fk_6f4e30cb0fc5407f9ef3d7d4570, primary, fk_05552aa4abb041a8b0c60cea27d]
[framework] 2013-07-28 07:41:36,460 - org.hibernate.tool.hbm2ddl.SchemaUpdate -1281 [main] INFO  org.hibernate.tool.hbm2ddl.SchemaUpdate  - HHH000232: Schema update complete
[framework] 2013-07-28 16:53:59,421 - org.hibernate.annotations.common.Version -0    [main] INFO  org.hibernate.annotations.common.Version  - HCANN000001: Hibernate Commons Annotations {4.0.1.Final}
[framework] 2013-07-28 16:53:59,437 - org.hibernate.Version -16   [main] INFO  org.hibernate.Version  - HHH000412: Hibernate Core {4.2.1.Final}
[framework] 2013-07-28 16:53:59,442 - org.hibernate.cfg.Environment -21   [main] INFO  org.hibernate.cfg.Environment  - HHH000206: hibernate.properties not found
[framework] 2013-07-28 16:53:59,445 - org.hibernate.cfg.Environment -24   [main] INFO  org.hibernate.cfg.Environment  - HHH000021: Bytecode provider name : javassist
[framework] 2013-07-28 16:54:00,051 - org.hibernate.service.jdbc.connections.internal.DriverManagerConnectionProviderImpl -630  [main] INFO  org.hibernate.service.jdbc.connections.internal.DriverManagerConnectionProviderImpl  - HHH000402: Using Hibernate built-in connection pool (not for production use!)
[framework] 2013-07-28 16:59:53,224 - org.hibernate.annotations.common.Version -0    [main] INFO  org.hibernate.annotations.common.Version  - HCANN000001: Hibernate Commons Annotations {4.0.1.Final}
[framework] 2013-07-28 16:59:53,233 - org.hibernate.Version -9    [main] INFO  org.hibernate.Version  - HHH000412: Hibernate Core {4.2.1.Final}
[framework] 2013-07-28 16:59:53,237 - org.hibernate.cfg.Environment -13   [main] INFO  org.hibernate.cfg.Environment  - HHH000206: hibernate.properties not found
[framework] 2013-07-28 16:59:53,238 - org.hibernate.cfg.Environment -14   [main] INFO  org.hibernate.cfg.Environment  - HHH000021: Bytecode provider name : javassist
[framework] 2013-07-28 16:59:53,659 - org.hibernate.service.jdbc.connections.internal.DriverManagerConnectionProviderImpl -435  [main] INFO  org.hibernate.service.jdbc.connections.internal.DriverManagerConnectionProviderImpl  - HHH000402: Using Hibernate built-in connection pool (not for production use!)
[framework] 2013-07-28 16:59:54,431 - org.hibernate.service.jdbc.connections.internal.DriverManagerConnectionProviderImpl -1207 [main] INFO  org.hibernate.service.jdbc.connections.internal.DriverManagerConnectionProviderImpl  - HHH000115: Hibernate connection pool size: 20
[framework] 2013-07-28 16:59:54,431 - org.hibernate.service.jdbc.connections.internal.DriverManagerConnectionProviderImpl -1207 [main] INFO  org.hibernate.service.jdbc.connections.internal.DriverManagerConnectionProviderImpl  - HHH000006: Autocommit mode: true
[framework] 2013-07-28 16:59:54,432 - org.hibernate.service.jdbc.connections.internal.DriverManagerConnectionProviderImpl -1208 [main] INFO  org.hibernate.service.jdbc.connections.internal.DriverManagerConnectionProviderImpl  - HHH000401: using driver [org.apache.derby.jdbc.EmbeddedDriver] at URL [jdbc:derby:derbyDB;create=true]
[framework] 2013-07-28 16:59:54,432 - org.hibernate.service.jdbc.connections.internal.DriverManagerConnectionProviderImpl -1208 [main] INFO  org.hibernate.service.jdbc.connections.internal.DriverManagerConnectionProviderImpl  - HHH000046: Connection properties: {user=, password=****, autocommit=true, release_mode=auto}
[framework] 2013-07-28 17:00:03,400 - org.hibernate.dialect.Dialect -10176 [main] INFO  org.hibernate.dialect.Dialect  - HHH000400: Using dialect: org.hibernate.dialect.DerbyDialect
[framework] 2013-07-28 17:00:03,408 - org.hibernate.dialect.DerbyDialect -10184 [main] WARN  org.hibernate.dialect.DerbyDialect  - HHH000430: The DerbyDialect dialect has been deprecated; use one of the version-specific dialects instead
[framework] 2013-07-28 17:00:03,446 - org.hibernate.engine.transaction.internal.TransactionFactoryInitiator -10222 [main] INFO  org.hibernate.engine.transaction.internal.TransactionFactoryInitiator  - HHH000268: Transaction strategy: org.hibernate.engine.transaction.internal.jdbc.JdbcTransactionFactory
[framework] 2013-07-28 17:00:03,453 - org.hibernate.hql.internal.ast.ASTQueryTranslatorFactory -10229 [main] INFO  org.hibernate.hql.internal.ast.ASTQueryTranslatorFactory  - HHH000397: Using ASTQueryTranslatorFactory
[framework] 2013-07-28 17:00:03,764 - org.hibernate.tool.hbm2ddl.SchemaExport -10540 [main] INFO  org.hibernate.tool.hbm2ddl.SchemaExport  - HHH000227: Running hbm2ddl schema export
[framework] 2013-07-28 17:00:03,788 - org.hibernate.tool.hbm2ddl.SchemaExport -10564 [main] ERROR org.hibernate.tool.hbm2ddl.SchemaExport  - HHH000389: Unsuccessful: alter table SysMenu drop constraint FK_b4d15f2d1838404d8ebbb168d6b
[framework] 2013-07-28 17:00:03,788 - org.hibernate.tool.hbm2ddl.SchemaExport -10564 [main] ERROR org.hibernate.tool.hbm2ddl.SchemaExport  - 'ALTER TABLE' cannot be performed on 'SYSMENU' because it does not exist.
[framework] 2013-07-28 17:00:03,789 - org.hibernate.tool.hbm2ddl.SchemaExport -10565 [main] ERROR org.hibernate.tool.hbm2ddl.SchemaExport  - HHH000389: Unsuccessful: alter table SysRole_SysMenu drop constraint FK_42d81da47b6e4b46aad70eb1d72
[framework] 2013-07-28 17:00:03,790 - org.hibernate.tool.hbm2ddl.SchemaExport -10566 [main] ERROR org.hibernate.tool.hbm2ddl.SchemaExport  - 'ALTER TABLE' cannot be performed on 'SYSROLE_SYSMENU' because it does not exist.
[framework] 2013-07-28 17:00:03,791 - org.hibernate.tool.hbm2ddl.SchemaExport -10567 [main] ERROR org.hibernate.tool.hbm2ddl.SchemaExport  - HHH000389: Unsuccessful: alter table SysRole_SysMenu drop constraint FK_7af05305e77846b79e557c03066
[framework] 2013-07-28 17:00:03,791 - org.hibernate.tool.hbm2ddl.SchemaExport -10567 [main] ERROR org.hibernate.tool.hbm2ddl.SchemaExport  - 'ALTER TABLE' cannot be performed on 'SYSROLE_SYSMENU' because it does not exist.
[framework] 2013-07-28 17:00:03,792 - org.hibernate.tool.hbm2ddl.SchemaExport -10568 [main] ERROR org.hibernate.tool.hbm2ddl.SchemaExport  - HHH000389: Unsuccessful: alter table SysRole_SysUser drop constraint FK_7ac3e6f0b0614ccc9b1d71307ea
[framework] 2013-07-28 17:00:03,792 - org.hibernate.tool.hbm2ddl.SchemaExport -10568 [main] ERROR org.hibernate.tool.hbm2ddl.SchemaExport  - 'ALTER TABLE' cannot be performed on 'SYSROLE_SYSUSER' because it does not exist.
[framework] 2013-07-28 17:00:03,793 - org.hibernate.tool.hbm2ddl.SchemaExport -10569 [main] ERROR org.hibernate.tool.hbm2ddl.SchemaExport  - HHH000389: Unsuccessful: alter table SysRole_SysUser drop constraint FK_c6ea7e3f5056487e899e7bbffa3
[framework] 2013-07-28 17:00:03,793 - org.hibernate.tool.hbm2ddl.SchemaExport -10569 [main] ERROR org.hibernate.tool.hbm2ddl.SchemaExport  - 'ALTER TABLE' cannot be performed on 'SYSROLE_SYSUSER' because it does not exist.
[framework] 2013-07-28 17:00:03,794 - org.hibernate.tool.hbm2ddl.SchemaExport -10570 [main] ERROR org.hibernate.tool.hbm2ddl.SchemaExport  - HHH000389: Unsuccessful: alter table SysUser_SysMenu drop constraint FK_4397b27d2c614ca78d2ecfd1d66
[framework] 2013-07-28 17:00:03,794 - org.hibernate.tool.hbm2ddl.SchemaExport -10570 [main] ERROR org.hibernate.tool.hbm2ddl.SchemaExport  - 'ALTER TABLE' cannot be performed on 'SYSUSER_SYSMENU' because it does not exist.
[framework] 2013-07-28 17:00:03,795 - org.hibernate.tool.hbm2ddl.SchemaExport -10571 [main] ERROR org.hibernate.tool.hbm2ddl.SchemaExport  - HHH000389: Unsuccessful: alter table SysUser_SysMenu drop constraint FK_703f45c6243e4f839cdf5d3e979
[framework] 2013-07-28 17:00:03,795 - org.hibernate.tool.hbm2ddl.SchemaExport -10571 [main] ERROR org.hibernate.tool.hbm2ddl.SchemaExport  - 'ALTER TABLE' cannot be performed on 'SYSUSER_SYSMENU' because it does not exist.
[framework] 2013-07-28 17:00:03,796 - org.hibernate.tool.hbm2ddl.SchemaExport -10572 [main] ERROR org.hibernate.tool.hbm2ddl.SchemaExport  - HHH000389: Unsuccessful: alter table SysUser_SysRole drop constraint FK_d6e02b3e4f094461b2c4abd7f16
[framework] 2013-07-28 17:00:03,796 - org.hibernate.tool.hbm2ddl.SchemaExport -10572 [main] ERROR org.hibernate.tool.hbm2ddl.SchemaExport  - 'ALTER TABLE' cannot be performed on 'SYSUSER_SYSROLE' because it does not exist.
[framework] 2013-07-28 17:00:03,797 - org.hibernate.tool.hbm2ddl.SchemaExport -10573 [main] ERROR org.hibernate.tool.hbm2ddl.SchemaExport  - HHH000389: Unsuccessful: alter table SysUser_SysRole drop constraint FK_b3bd10e3e99b48e99d7a7fca126
[framework] 2013-07-28 17:00:03,797 - org.hibernate.tool.hbm2ddl.SchemaExport -10573 [main] ERROR org.hibernate.tool.hbm2ddl.SchemaExport  - 'ALTER TABLE' cannot be performed on 'SYSUSER_SYSROLE' because it does not exist.
[framework] 2013-07-28 17:00:03,799 - org.hibernate.tool.hbm2ddl.SchemaExport -10575 [main] ERROR org.hibernate.tool.hbm2ddl.SchemaExport  - HHH000389: Unsuccessful: drop table SysMenu
[framework] 2013-07-28 17:00:03,799 - org.hibernate.tool.hbm2ddl.SchemaExport -10575 [main] ERROR org.hibernate.tool.hbm2ddl.SchemaExport  - 'DROP TABLE' cannot be performed on 'SYSMENU' because it does not exist.
[framework] 2013-07-28 17:00:03,800 - org.hibernate.tool.hbm2ddl.SchemaExport -10576 [main] ERROR org.hibernate.tool.hbm2ddl.SchemaExport  - HHH000389: Unsuccessful: drop table SysRole
[framework] 2013-07-28 17:00:03,800 - org.hibernate.tool.hbm2ddl.SchemaExport -10576 [main] ERROR org.hibernate.tool.hbm2ddl.SchemaExport  - 'DROP TABLE' cannot be performed on 'SYSROLE' because it does not exist.
[framework] 2013-07-28 17:00:03,801 - org.hibernate.tool.hbm2ddl.SchemaExport -10577 [main] ERROR org.hibernate.tool.hbm2ddl.SchemaExport  - HHH000389: Unsuccessful: drop table SysRole_SysMenu
[framework] 2013-07-28 17:00:03,801 - org.hibernate.tool.hbm2ddl.SchemaExport -10577 [main] ERROR org.hibernate.tool.hbm2ddl.SchemaExport  - 'DROP TABLE' cannot be performed on 'SYSROLE_SYSMENU' because it does not exist.
[framework] 2013-07-28 17:00:03,802 - org.hibernate.tool.hbm2ddl.SchemaExport -10578 [main] ERROR org.hibernate.tool.hbm2ddl.SchemaExport  - HHH000389: Unsuccessful: drop table SysRole_SysUser
[framework] 2013-07-28 17:00:03,802 - org.hibernate.tool.hbm2ddl.SchemaExport -10578 [main] ERROR org.hibernate.tool.hbm2ddl.SchemaExport  - 'DROP TABLE' cannot be performed on 'SYSROLE_SYSUSER' because it does not exist.
[framework] 2013-07-28 17:00:03,803 - org.hibernate.tool.hbm2ddl.SchemaExport -10579 [main] ERROR org.hibernate.tool.hbm2ddl.SchemaExport  - HHH000389: Unsuccessful: drop table SysUser
[framework] 2013-07-28 17:00:03,803 - org.hibernate.tool.hbm2ddl.SchemaExport -10579 [main] ERROR org.hibernate.tool.hbm2ddl.SchemaExport  - 'DROP TABLE' cannot be performed on 'SYSUSER' because it does not exist.
[framework] 2013-07-28 17:00:03,804 - org.hibernate.tool.hbm2ddl.SchemaExport -10580 [main] ERROR org.hibernate.tool.hbm2ddl.SchemaExport  - HHH000389: Unsuccessful: drop table SysUser_SysMenu
[framework] 2013-07-28 17:00:03,804 - org.hibernate.tool.hbm2ddl.SchemaExport -10580 [main] ERROR org.hibernate.tool.hbm2ddl.SchemaExport  - 'DROP TABLE' cannot be performed on 'SYSUSER_SYSMENU' because it does not exist.
[framework] 2013-07-28 17:00:03,804 - org.hibernate.tool.hbm2ddl.SchemaExport -10580 [main] ERROR org.hibernate.tool.hbm2ddl.SchemaExport  - HHH000389: Unsuccessful: drop table SysUser_SysRole
[framework] 2013-07-28 17:00:03,805 - org.hibernate.tool.hbm2ddl.SchemaExport -10581 [main] ERROR org.hibernate.tool.hbm2ddl.SchemaExport  - 'DROP TABLE' cannot be performed on 'SYSUSER_SYSROLE' because it does not exist.
[framework] 2013-07-28 17:00:06,302 - org.hibernate.tool.hbm2ddl.SchemaExport -13078 [main] INFO  org.hibernate.tool.hbm2ddl.SchemaExport  - HHH000230: Schema export complete
[framework] 2013-07-28 17:02:15,270 - org.hibernate.annotations.common.Version -0    [main] INFO  org.hibernate.annotations.common.Version  - HCANN000001: Hibernate Commons Annotations {4.0.1.Final}
[framework] 2013-07-28 17:02:15,281 - org.hibernate.Version -11   [main] INFO  org.hibernate.Version  - HHH000412: Hibernate Core {4.2.1.Final}
[framework] 2013-07-28 17:02:15,285 - org.hibernate.cfg.Environment -15   [main] INFO  org.hibernate.cfg.Environment  - HHH000206: hibernate.properties not found
[framework] 2013-07-28 17:02:15,287 - org.hibernate.cfg.Environment -17   [main] INFO  org.hibernate.cfg.Environment  - HHH000021: Bytecode provider name : javassist
[framework] 2013-07-28 17:02:15,729 - org.hibernate.service.jdbc.connections.internal.DriverManagerConnectionProviderImpl -459  [main] INFO  org.hibernate.service.jdbc.connections.internal.DriverManagerConnectionProviderImpl  - HHH000402: Using Hibernate built-in connection pool (not for production use!)
[framework] 2013-07-28 17:02:16,125 - org.hibernate.service.jdbc.connections.internal.DriverManagerConnectionProviderImpl -855  [main] INFO  org.hibernate.service.jdbc.connections.internal.DriverManagerConnectionProviderImpl  - HHH000115: Hibernate connection pool size: 20
[framework] 2013-07-28 17:02:16,125 - org.hibernate.service.jdbc.connections.internal.DriverManagerConnectionProviderImpl -855  [main] INFO  org.hibernate.service.jdbc.connections.internal.DriverManagerConnectionProviderImpl  - HHH000006: Autocommit mode: true
[framework] 2013-07-28 17:02:16,126 - org.hibernate.service.jdbc.connections.internal.DriverManagerConnectionProviderImpl -856  [main] INFO  org.hibernate.service.jdbc.connections.internal.DriverManagerConnectionProviderImpl  - HHH000401: using driver [org.apache.derby.jdbc.EmbeddedDriver] at URL [jdbc:derby:derbyDB;create=true]
[framework] 2013-07-28 17:02:16,126 - org.hibernate.service.jdbc.connections.internal.DriverManagerConnectionProviderImpl -856  [main] INFO  org.hibernate.service.jdbc.connections.internal.DriverManagerConnectionProviderImpl  - HHH000046: Connection properties: {user=, password=****, autocommit=true, release_mode=auto}
[framework] 2013-07-28 17:02:18,485 - org.hibernate.dialect.Dialect -3215 [main] INFO  org.hibernate.dialect.Dialect  - HHH000400: Using dialect: org.hibernate.dialect.DerbyDialect
[framework] 2013-07-28 17:02:18,493 - org.hibernate.dialect.DerbyDialect -3223 [main] WARN  org.hibernate.dialect.DerbyDialect  - HHH000430: The DerbyDialect dialect has been deprecated; use one of the version-specific dialects instead
[framework] 2013-07-28 17:02:18,523 - org.hibernate.engine.transaction.internal.TransactionFactoryInitiator -3253 [main] INFO  org.hibernate.engine.transaction.internal.TransactionFactoryInitiator  - HHH000268: Transaction strategy: org.hibernate.engine.transaction.internal.jdbc.JdbcTransactionFactory
[framework] 2013-07-28 17:02:18,530 - org.hibernate.hql.internal.ast.ASTQueryTranslatorFactory -3260 [main] INFO  org.hibernate.hql.internal.ast.ASTQueryTranslatorFactory  - HHH000397: Using ASTQueryTranslatorFactory
[framework] 2013-07-28 17:02:18,837 - org.hibernate.tool.hbm2ddl.SchemaExport -3567 [main] INFO  org.hibernate.tool.hbm2ddl.SchemaExport  - HHH000227: Running hbm2ddl schema export
[framework] 2013-07-28 17:02:18,882 - org.hibernate.tool.hbm2ddl.SchemaExport -3612 [main] ERROR org.hibernate.tool.hbm2ddl.SchemaExport  - HHH000389: Unsuccessful: alter table SysMenu drop constraint FK_ac7f24419bde4d559464bb4d3a0
[framework] 2013-07-28 17:02:18,882 - org.hibernate.tool.hbm2ddl.SchemaExport -3612 [main] ERROR org.hibernate.tool.hbm2ddl.SchemaExport  - ALTER TABLE failed. There is no constraint 'APP.FK_AC7F24419BDE4D559464BB4D3A0' on table '"APP"."SYSMENU"'. 
[framework] 2013-07-28 17:02:18,886 - org.hibernate.tool.hbm2ddl.SchemaExport -3616 [main] ERROR org.hibernate.tool.hbm2ddl.SchemaExport  - HHH000389: Unsuccessful: alter table SysRole_SysMenu drop constraint FK_88425f76cd094f7fb349a7cadee
[framework] 2013-07-28 17:02:18,886 - org.hibernate.tool.hbm2ddl.SchemaExport -3616 [main] ERROR org.hibernate.tool.hbm2ddl.SchemaExport  - ALTER TABLE failed. There is no constraint 'APP.FK_88425F76CD094F7FB349A7CADEE' on table '"APP"."SYSROLE_SYSMENU"'. 
[framework] 2013-07-28 17:02:18,888 - org.hibernate.tool.hbm2ddl.SchemaExport -3618 [main] ERROR org.hibernate.tool.hbm2ddl.SchemaExport  - HHH000389: Unsuccessful: alter table SysRole_SysMenu drop constraint FK_5d070ba82d394ec9927f9f65936
[framework] 2013-07-28 17:02:18,888 - org.hibernate.tool.hbm2ddl.SchemaExport -3618 [main] ERROR org.hibernate.tool.hbm2ddl.SchemaExport  - ALTER TABLE failed. There is no constraint 'APP.FK_5D070BA82D394EC9927F9F65936' on table '"APP"."SYSROLE_SYSMENU"'. 
[framework] 2013-07-28 17:02:18,892 - org.hibernate.tool.hbm2ddl.SchemaExport -3622 [main] ERROR org.hibernate.tool.hbm2ddl.SchemaExport  - HHH000389: Unsuccessful: alter table SysRole_SysUser drop constraint FK_2e8dbc985f834d9cb7dcdb119a9
[framework] 2013-07-28 17:02:18,892 - org.hibernate.tool.hbm2ddl.SchemaExport -3622 [main] ERROR org.hibernate.tool.hbm2ddl.SchemaExport  - ALTER TABLE failed. There is no constraint 'APP.FK_2E8DBC985F834D9CB7DCDB119A9' on table '"APP"."SYSROLE_SYSUSER"'. 
[framework] 2013-07-28 17:02:18,894 - org.hibernate.tool.hbm2ddl.SchemaExport -3624 [main] ERROR org.hibernate.tool.hbm2ddl.SchemaExport  - HHH000389: Unsuccessful: alter table SysRole_SysUser drop constraint FK_c1907fc9f5c74141ba74844efc7
[framework] 2013-07-28 17:02:18,894 - org.hibernate.tool.hbm2ddl.SchemaExport -3624 [main] ERROR org.hibernate.tool.hbm2ddl.SchemaExport  - ALTER TABLE failed. There is no constraint 'APP.FK_C1907FC9F5C74141BA74844EFC7' on table '"APP"."SYSROLE_SYSUSER"'. 
[framework] 2013-07-28 17:02:18,897 - org.hibernate.tool.hbm2ddl.SchemaExport -3627 [main] ERROR org.hibernate.tool.hbm2ddl.SchemaExport  - HHH000389: Unsuccessful: alter table SysUser_SysMenu drop constraint FK_d8979be78a43440589d4b31c209
[framework] 2013-07-28 17:02:18,897 - org.hibernate.tool.hbm2ddl.SchemaExport -3627 [main] ERROR org.hibernate.tool.hbm2ddl.SchemaExport  - ALTER TABLE failed. There is no constraint 'APP.FK_D8979BE78A43440589D4B31C209' on table '"APP"."SYSUSER_SYSMENU"'. 
[framework] 2013-07-28 17:02:18,900 - org.hibernate.tool.hbm2ddl.SchemaExport -3630 [main] ERROR org.hibernate.tool.hbm2ddl.SchemaExport  - HHH000389: Unsuccessful: alter table SysUser_SysMenu drop constraint FK_624ebe8e79c6489aa4c6159441a
[framework] 2013-07-28 17:02:18,901 - org.hibernate.tool.hbm2ddl.SchemaExport -3631 [main] ERROR org.hibernate.tool.hbm2ddl.SchemaExport  - ALTER TABLE failed. There is no constraint 'APP.FK_624EBE8E79C6489AA4C6159441A' on table '"APP"."SYSUSER_SYSMENU"'. 
[framework] 2013-07-28 17:02:18,906 - org.hibernate.tool.hbm2ddl.SchemaExport -3636 [main] ERROR org.hibernate.tool.hbm2ddl.SchemaExport  - HHH000389: Unsuccessful: alter table SysUser_SysRole drop constraint FK_6bde36678cca4c7a832097caca2
[framework] 2013-07-28 17:02:18,906 - org.hibernate.tool.hbm2ddl.SchemaExport -3636 [main] ERROR org.hibernate.tool.hbm2ddl.SchemaExport  - ALTER TABLE failed. There is no constraint 'APP.FK_6BDE36678CCA4C7A832097CACA2' on table '"APP"."SYSUSER_SYSROLE"'. 
[framework] 2013-07-28 17:02:18,908 - org.hibernate.tool.hbm2ddl.SchemaExport -3638 [main] ERROR org.hibernate.tool.hbm2ddl.SchemaExport  - HHH000389: Unsuccessful: alter table SysUser_SysRole drop constraint FK_a18ee0d61e474a11a5dd64681bf
[framework] 2013-07-28 17:02:18,908 - org.hibernate.tool.hbm2ddl.SchemaExport -3638 [main] ERROR org.hibernate.tool.hbm2ddl.SchemaExport  - ALTER TABLE failed. There is no constraint 'APP.FK_A18EE0D61E474A11A5DD64681BF' on table '"APP"."SYSUSER_SYSROLE"'. 
[framework] 2013-07-28 17:02:18,985 - org.hibernate.tool.hbm2ddl.SchemaExport -3715 [main] ERROR org.hibernate.tool.hbm2ddl.SchemaExport  - HHH000389: Unsuccessful: drop table SysMenu
[framework] 2013-07-28 17:02:18,985 - org.hibernate.tool.hbm2ddl.SchemaExport -3715 [main] ERROR org.hibernate.tool.hbm2ddl.SchemaExport  - Operation 'DROP CONSTRAINT' cannot be performed on object 'SQL130728170003810' because CONSTRAINT 'FK_42D81DA47B6E4B46AAD70EB1D72' is dependent on that object.
[framework] 2013-07-28 17:02:19,006 - org.hibernate.tool.hbm2ddl.SchemaExport -3736 [main] ERROR org.hibernate.tool.hbm2ddl.SchemaExport  - HHH000389: Unsuccessful: drop table SysRole
[framework] 2013-07-28 17:02:19,006 - org.hibernate.tool.hbm2ddl.SchemaExport -3736 [main] ERROR org.hibernate.tool.hbm2ddl.SchemaExport  - Operation 'DROP CONSTRAINT' cannot be performed on object 'SQL130728170004030' because CONSTRAINT 'FK_7AF05305E77846B79E557C03066' is dependent on that object.
[framework] 2013-07-28 17:02:19,522 - org.hibernate.tool.hbm2ddl.SchemaExport -4252 [main] ERROR org.hibernate.tool.hbm2ddl.SchemaExport  - HHH000389: Unsuccessful: drop table SysUser
[framework] 2013-07-28 17:02:19,522 - org.hibernate.tool.hbm2ddl.SchemaExport -4252 [main] ERROR org.hibernate.tool.hbm2ddl.SchemaExport  - Operation 'DROP CONSTRAINT' cannot be performed on object 'SQL130728170004740' because CONSTRAINT 'FK_703F45C6243E4F839CDF5D3E979' is dependent on that object.
[framework] 2013-07-28 17:02:20,206 - org.hibernate.tool.hbm2ddl.SchemaExport -4936 [main] ERROR org.hibernate.tool.hbm2ddl.SchemaExport  - HHH000389: Unsuccessful: create table SysMenu (id bigint generated by default as identity, iconCls varchar(255), levelCode varchar(255), ordinal integer not null, text varchar(255), url varchar(255), parent bigint, primary key (id))
[framework] 2013-07-28 17:02:20,206 - org.hibernate.tool.hbm2ddl.SchemaExport -4936 [main] ERROR org.hibernate.tool.hbm2ddl.SchemaExport  - Table/View 'SYSMENU' already exists in Schema 'APP'.
[framework] 2013-07-28 17:02:20,310 - org.hibernate.tool.hbm2ddl.SchemaExport -5040 [main] ERROR org.hibernate.tool.hbm2ddl.SchemaExport  - HHH000389: Unsuccessful: create table SysRole (id bigint generated by default as identity, name varchar(255), note varchar(255), primary key (id))
[framework] 2013-07-28 17:02:20,310 - org.hibernate.tool.hbm2ddl.SchemaExport -5040 [main] ERROR org.hibernate.tool.hbm2ddl.SchemaExport  - Table/View 'SYSROLE' already exists in Schema 'APP'.
[framework] 2013-07-28 17:02:20,797 - org.hibernate.tool.hbm2ddl.SchemaExport -5527 [main] ERROR org.hibernate.tool.hbm2ddl.SchemaExport  - HHH000389: Unsuccessful: create table SysUser (id bigint generated by default as identity, createTime timestamp, headImage blob, lastLoginTime timestamp, loginName varchar(255), loginPassword varchar(255), nickName varchar(255), sysUserState varchar(255), primary key (id))
[framework] 2013-07-28 17:02:20,797 - org.hibernate.tool.hbm2ddl.SchemaExport -5527 [main] ERROR org.hibernate.tool.hbm2ddl.SchemaExport  - Table/View 'SYSUSER' already exists in Schema 'APP'.
[framework] 2013-07-28 17:02:22,113 - org.hibernate.tool.hbm2ddl.SchemaExport -6843 [main] INFO  org.hibernate.tool.hbm2ddl.SchemaExport  - HHH000230: Schema export complete
[framework] 2013-07-28 17:13:21,300 - org.hibernate.annotations.common.Version -0    [main] INFO  org.hibernate.annotations.common.Version  - HCANN000001: Hibernate Commons Annotations {4.0.1.Final}
[framework] 2013-07-28 17:13:21,310 - org.hibernate.Version -10   [main] INFO  org.hibernate.Version  - HHH000412: Hibernate Core {4.2.1.Final}
[framework] 2013-07-28 17:13:21,313 - org.hibernate.cfg.Environment -13   [main] INFO  org.hibernate.cfg.Environment  - HHH000206: hibernate.properties not found
[framework] 2013-07-28 17:13:21,315 - org.hibernate.cfg.Environment -15   [main] INFO  org.hibernate.cfg.Environment  - HHH000021: Bytecode provider name : javassist
[framework] 2013-07-28 17:13:21,814 - org.hibernate.service.jdbc.connections.internal.DriverManagerConnectionProviderImpl -514  [main] INFO  org.hibernate.service.jdbc.connections.internal.DriverManagerConnectionProviderImpl  - HHH000402: Using Hibernate built-in connection pool (not for production use!)
[framework] 2013-07-28 17:13:22,116 - org.hibernate.service.jdbc.connections.internal.DriverManagerConnectionProviderImpl -816  [main] INFO  org.hibernate.service.jdbc.connections.internal.DriverManagerConnectionProviderImpl  - HHH000115: Hibernate connection pool size: 20
[framework] 2013-07-28 17:13:22,116 - org.hibernate.service.jdbc.connections.internal.DriverManagerConnectionProviderImpl -816  [main] INFO  org.hibernate.service.jdbc.connections.internal.DriverManagerConnectionProviderImpl  - HHH000006: Autocommit mode: true
[framework] 2013-07-28 17:13:22,116 - org.hibernate.service.jdbc.connections.internal.DriverManagerConnectionProviderImpl -816  [main] INFO  org.hibernate.service.jdbc.connections.internal.DriverManagerConnectionProviderImpl  - HHH000401: using driver [org.apache.derby.jdbc.EmbeddedDriver] at URL [jdbc:derby:derbyDB;create=true]
[framework] 2013-07-28 17:13:22,116 - org.hibernate.service.jdbc.connections.internal.DriverManagerConnectionProviderImpl -816  [main] INFO  org.hibernate.service.jdbc.connections.internal.DriverManagerConnectionProviderImpl  - HHH000046: Connection properties: {user=, password=****, autocommit=true, release_mode=auto}
[framework] 2013-07-28 17:13:25,617 - org.hibernate.dialect.Dialect -4317 [main] INFO  org.hibernate.dialect.Dialect  - HHH000400: Using dialect: org.hibernate.dialect.DerbyDialect
[framework] 2013-07-28 17:13:25,626 - org.hibernate.dialect.DerbyDialect -4326 [main] WARN  org.hibernate.dialect.DerbyDialect  - HHH000430: The DerbyDialect dialect has been deprecated; use one of the version-specific dialects instead
[framework] 2013-07-28 17:13:25,663 - org.hibernate.engine.transaction.internal.TransactionFactoryInitiator -4363 [main] INFO  org.hibernate.engine.transaction.internal.TransactionFactoryInitiator  - HHH000268: Transaction strategy: org.hibernate.engine.transaction.internal.jdbc.JdbcTransactionFactory
[framework] 2013-07-28 17:13:25,670 - org.hibernate.hql.internal.ast.ASTQueryTranslatorFactory -4370 [main] INFO  org.hibernate.hql.internal.ast.ASTQueryTranslatorFactory  - HHH000397: Using ASTQueryTranslatorFactory
[framework] 2013-07-28 17:13:25,983 - org.hibernate.tool.hbm2ddl.SchemaExport -4683 [main] INFO  org.hibernate.tool.hbm2ddl.SchemaExport  - HHH000227: Running hbm2ddl schema export
[framework] 2013-07-28 17:13:26,033 - org.hibernate.tool.hbm2ddl.SchemaExport -4733 [main] ERROR org.hibernate.tool.hbm2ddl.SchemaExport  - HHH000389: Unsuccessful: alter table SysMenu drop constraint FK_4799b5fcaae541a8bbfa6812a67
[framework] 2013-07-28 17:13:26,033 - org.hibernate.tool.hbm2ddl.SchemaExport -4733 [main] ERROR org.hibernate.tool.hbm2ddl.SchemaExport  - ALTER TABLE failed. There is no constraint 'APP.FK_4799B5FCAAE541A8BBFA6812A67' on table '"APP"."SYSMENU"'. 
[framework] 2013-07-28 17:13:26,037 - org.hibernate.tool.hbm2ddl.SchemaExport -4737 [main] ERROR org.hibernate.tool.hbm2ddl.SchemaExport  - HHH000389: Unsuccessful: alter table SysRole_SysMenu drop constraint FK_3f8379c2f09246109b74a8357b4
[framework] 2013-07-28 17:13:26,037 - org.hibernate.tool.hbm2ddl.SchemaExport -4737 [main] ERROR org.hibernate.tool.hbm2ddl.SchemaExport  - ALTER TABLE failed. There is no constraint 'APP.FK_3F8379C2F09246109B74A8357B4' on table '"APP"."SYSROLE_SYSMENU"'. 
[framework] 2013-07-28 17:13:26,038 - org.hibernate.tool.hbm2ddl.SchemaExport -4738 [main] ERROR org.hibernate.tool.hbm2ddl.SchemaExport  - HHH000389: Unsuccessful: alter table SysRole_SysMenu drop constraint FK_a064dc5d830549b994552fe1bf4
[framework] 2013-07-28 17:13:26,039 - org.hibernate.tool.hbm2ddl.SchemaExport -4739 [main] ERROR org.hibernate.tool.hbm2ddl.SchemaExport  - ALTER TABLE failed. There is no constraint 'APP.FK_A064DC5D830549B994552FE1BF4' on table '"APP"."SYSROLE_SYSMENU"'. 
[framework] 2013-07-28 17:13:26,043 - org.hibernate.tool.hbm2ddl.SchemaExport -4743 [main] ERROR org.hibernate.tool.hbm2ddl.SchemaExport  - HHH000389: Unsuccessful: alter table SysRole_SysUser drop constraint FK_88fc54f205814b999c1d63c03de
[framework] 2013-07-28 17:13:26,043 - org.hibernate.tool.hbm2ddl.SchemaExport -4743 [main] ERROR org.hibernate.tool.hbm2ddl.SchemaExport  - ALTER TABLE failed. There is no constraint 'APP.FK_88FC54F205814B999C1D63C03DE' on table '"APP"."SYSROLE_SYSUSER"'. 
[framework] 2013-07-28 17:13:26,045 - org.hibernate.tool.hbm2ddl.SchemaExport -4745 [main] ERROR org.hibernate.tool.hbm2ddl.SchemaExport  - HHH000389: Unsuccessful: alter table SysRole_SysUser drop constraint FK_286e73375b494092bd96cef356b
[framework] 2013-07-28 17:13:26,046 - org.hibernate.tool.hbm2ddl.SchemaExport -4746 [main] ERROR org.hibernate.tool.hbm2ddl.SchemaExport  - ALTER TABLE failed. There is no constraint 'APP.FK_286E73375B494092BD96CEF356B' on table '"APP"."SYSROLE_SYSUSER"'. 
[framework] 2013-07-28 17:13:26,051 - org.hibernate.tool.hbm2ddl.SchemaExport -4751 [main] ERROR org.hibernate.tool.hbm2ddl.SchemaExport  - HHH000389: Unsuccessful: alter table SysUser_SysMenu drop constraint FK_d5ca08e3e4c14503b97cd5307d6
[framework] 2013-07-28 17:13:26,051 - org.hibernate.tool.hbm2ddl.SchemaExport -4751 [main] ERROR org.hibernate.tool.hbm2ddl.SchemaExport  - ALTER TABLE failed. There is no constraint 'APP.FK_D5CA08E3E4C14503B97CD5307D6' on table '"APP"."SYSUSER_SYSMENU"'. 
[framework] 2013-07-28 17:13:26,053 - org.hibernate.tool.hbm2ddl.SchemaExport -4753 [main] ERROR org.hibernate.tool.hbm2ddl.SchemaExport  - HHH000389: Unsuccessful: alter table SysUser_SysMenu drop constraint FK_ecbc41b4a3864796aded60dd466
[framework] 2013-07-28 17:13:26,053 - org.hibernate.tool.hbm2ddl.SchemaExport -4753 [main] ERROR org.hibernate.tool.hbm2ddl.SchemaExport  - ALTER TABLE failed. There is no constraint 'APP.FK_ECBC41B4A3864796ADED60DD466' on table '"APP"."SYSUSER_SYSMENU"'. 
[framework] 2013-07-28 17:13:26,057 - org.hibernate.tool.hbm2ddl.SchemaExport -4757 [main] ERROR org.hibernate.tool.hbm2ddl.SchemaExport  - HHH000389: Unsuccessful: alter table SysUser_SysRole drop constraint FK_a0d64a5df79746e0a07d4d695e2
[framework] 2013-07-28 17:13:26,057 - org.hibernate.tool.hbm2ddl.SchemaExport -4757 [main] ERROR org.hibernate.tool.hbm2ddl.SchemaExport  - ALTER TABLE failed. There is no constraint 'APP.FK_A0D64A5DF79746E0A07D4D695E2' on table '"APP"."SYSUSER_SYSROLE"'. 
[framework] 2013-07-28 17:13:26,059 - org.hibernate.tool.hbm2ddl.SchemaExport -4759 [main] ERROR org.hibernate.tool.hbm2ddl.SchemaExport  - HHH000389: Unsuccessful: alter table SysUser_SysRole drop constraint FK_0b059a3d23904d839556ca42e71
[framework] 2013-07-28 17:13:26,059 - org.hibernate.tool.hbm2ddl.SchemaExport -4759 [main] ERROR org.hibernate.tool.hbm2ddl.SchemaExport  - ALTER TABLE failed. There is no constraint 'APP.FK_0B059A3D23904D839556CA42E71' on table '"APP"."SYSUSER_SYSROLE"'. 
[framework] 2013-07-28 17:13:26,183 - org.hibernate.tool.hbm2ddl.SchemaExport -4883 [main] ERROR org.hibernate.tool.hbm2ddl.SchemaExport  - HHH000389: Unsuccessful: drop table SysMenu
[framework] 2013-07-28 17:13:26,184 - org.hibernate.tool.hbm2ddl.SchemaExport -4884 [main] ERROR org.hibernate.tool.hbm2ddl.SchemaExport  - Operation 'DROP CONSTRAINT' cannot be performed on object 'SQL130728170003810' because CONSTRAINT 'FK_88425F76CD094F7FB349A7CADEE' is dependent on that object.
[framework] 2013-07-28 17:13:26,221 - org.hibernate.tool.hbm2ddl.SchemaExport -4921 [main] ERROR org.hibernate.tool.hbm2ddl.SchemaExport  - HHH000389: Unsuccessful: drop table SysRole
[framework] 2013-07-28 17:13:26,222 - org.hibernate.tool.hbm2ddl.SchemaExport -4922 [main] ERROR org.hibernate.tool.hbm2ddl.SchemaExport  - Operation 'DROP CONSTRAINT' cannot be performed on object 'SQL130728170004030' because CONSTRAINT 'FK_5D070BA82D394EC9927F9F65936' is dependent on that object.
[framework] 2013-07-28 17:13:26,888 - org.hibernate.tool.hbm2ddl.SchemaExport -5588 [main] ERROR org.hibernate.tool.hbm2ddl.SchemaExport  - HHH000389: Unsuccessful: drop table SysUser
[framework] 2013-07-28 17:13:26,889 - org.hibernate.tool.hbm2ddl.SchemaExport -5589 [main] ERROR org.hibernate.tool.hbm2ddl.SchemaExport  - Operation 'DROP CONSTRAINT' cannot be performed on object 'SQL130728170004740' because CONSTRAINT 'FK_624EBE8E79C6489AA4C6159441A' is dependent on that object.
[framework] 2013-07-28 17:13:27,429 - org.hibernate.tool.hbm2ddl.SchemaExport -6129 [main] ERROR org.hibernate.tool.hbm2ddl.SchemaExport  - HHH000389: Unsuccessful: create table SysMenu (id bigint generated by default as identity, iconCls varchar(255), levelCode varchar(255), ordinal integer not null, text varchar(255), url varchar(255), parent bigint, primary key (id))
[framework] 2013-07-28 17:13:27,429 - org.hibernate.tool.hbm2ddl.SchemaExport -6129 [main] ERROR org.hibernate.tool.hbm2ddl.SchemaExport  - Table/View 'SYSMENU' already exists in Schema 'APP'.
[framework] 2013-07-28 17:13:27,540 - org.hibernate.tool.hbm2ddl.SchemaExport -6240 [main] ERROR org.hibernate.tool.hbm2ddl.SchemaExport  - HHH000389: Unsuccessful: create table SysRole (id bigint generated by default as identity, name varchar(255), note varchar(255), primary key (id))
[framework] 2013-07-28 17:13:27,540 - org.hibernate.tool.hbm2ddl.SchemaExport -6240 [main] ERROR org.hibernate.tool.hbm2ddl.SchemaExport  - Table/View 'SYSROLE' already exists in Schema 'APP'.
[framework] 2013-07-28 17:13:27,968 - org.hibernate.tool.hbm2ddl.SchemaExport -6668 [main] ERROR org.hibernate.tool.hbm2ddl.SchemaExport  - HHH000389: Unsuccessful: create table SysUser (id bigint generated by default as identity, createTime timestamp, headImage blob, lastLoginTime timestamp, loginName varchar(255), loginPassword varchar(255), nickName varchar(255), sysUserState varchar(255), primary key (id))
[framework] 2013-07-28 17:13:27,968 - org.hibernate.tool.hbm2ddl.SchemaExport -6668 [main] ERROR org.hibernate.tool.hbm2ddl.SchemaExport  - Table/View 'SYSUSER' already exists in Schema 'APP'.
[framework] 2013-07-28 17:13:29,331 - org.hibernate.tool.hbm2ddl.SchemaExport -8031 [main] INFO  org.hibernate.tool.hbm2ddl.SchemaExport  - HHH000230: Schema export complete
[framework] 2013-07-28 17:13:30,084 - org.hibernate.service.jdbc.connections.internal.DriverManagerConnectionProviderImpl -8784 [main] INFO  org.hibernate.service.jdbc.connections.internal.DriverManagerConnectionProviderImpl  - HHH000030: Cleaning up connection pool [jdbc:derby:derbyDB;create=true]
