[framework] 2013-07-14 16:06:01,657 - org.hibernate.annotations.common.Version -0    [Thread-2] INFO  org.hibernate.annotations.common.Version  - HCANN000001: Hibernate Commons Annotations {4.0.1.Final}
[framework] 2013-07-14 16:06:01,673 - org.hibernate.Version -16   [Thread-2] INFO  org.hibernate.Version  - HHH000412: Hibernate Core {4.2.1.Final}
[framework] 2013-07-14 16:06:01,673 - org.hibernate.cfg.Environment -16   [Thread-2] INFO  org.hibernate.cfg.Environment  - HHH000206: hibernate.properties not found
[framework] 2013-07-14 16:06:01,673 - org.hibernate.cfg.Environment -16   [Thread-2] INFO  org.hibernate.cfg.Environment  - HHH000021: Bytecode provider name : javassist
[framework] 2013-07-14 16:06:01,923 - org.hibernate.service.jdbc.connections.internal.DriverManagerConnectionProviderImpl -266  [Thread-2] INFO  org.hibernate.service.jdbc.connections.internal.DriverManagerConnectionProviderImpl  - HHH000402: Using Hibernate built-in connection pool (not for production use!)
[framework] 2013-07-14 16:06:01,954 - org.hibernate.service.jdbc.connections.internal.DriverManagerConnectionProviderImpl -297  [Thread-2] INFO  org.hibernate.service.jdbc.connections.internal.DriverManagerConnectionProviderImpl  - HHH000115: Hibernate connection pool size: 20
[framework] 2013-07-14 16:06:01,954 - org.hibernate.service.jdbc.connections.internal.DriverManagerConnectionProviderImpl -297  [Thread-2] INFO  org.hibernate.service.jdbc.connections.internal.DriverManagerConnectionProviderImpl  - HHH000006: Autocommit mode: true
[framework] 2013-07-14 16:06:01,954 - org.hibernate.service.jdbc.connections.internal.DriverManagerConnectionProviderImpl -297  [Thread-2] INFO  org.hibernate.service.jdbc.connections.internal.DriverManagerConnectionProviderImpl  - HHH000401: using driver [com.mysql.jdbc.Driver] at URL [jdbc:mysql://localhost:3306/webapp?useUnicode=true&characterEncoding=UTF-8]
[framework] 2013-07-14 16:06:01,954 - org.hibernate.service.jdbc.connections.internal.DriverManagerConnectionProviderImpl -297  [Thread-2] INFO  org.hibernate.service.jdbc.connections.internal.DriverManagerConnectionProviderImpl  - HHH000046: Connection properties: {user=root, password=****, autocommit=true, release_mode=auto}
[framework] 2013-07-14 16:06:02,392 - org.hibernate.dialect.Dialect -735  [Thread-2] INFO  org.hibernate.dialect.Dialect  - HHH000400: Using dialect: org.hibernate.dialect.MySQL5Dialect
[framework] 2013-07-14 16:06:02,408 - org.hibernate.engine.transaction.internal.TransactionFactoryInitiator -751  [Thread-2] INFO  org.hibernate.engine.transaction.internal.TransactionFactoryInitiator  - HHH000268: Transaction strategy: org.hibernate.engine.transaction.internal.jdbc.JdbcTransactionFactory
[framework] 2013-07-14 16:06:02,408 - org.hibernate.hql.internal.ast.ASTQueryTranslatorFactory -751  [Thread-2] INFO  org.hibernate.hql.internal.ast.ASTQueryTranslatorFactory  - HHH000397: Using ASTQueryTranslatorFactory
[framework] 2013-07-14 16:06:02,548 - org.hibernate.tool.hbm2ddl.SchemaUpdate -891  [Thread-2] INFO  org.hibernate.tool.hbm2ddl.SchemaUpdate  - HHH000228: Running hbm2ddl schema update
[framework] 2013-07-14 16:06:02,548 - org.hibernate.tool.hbm2ddl.SchemaUpdate -891  [Thread-2] INFO  org.hibernate.tool.hbm2ddl.SchemaUpdate  - HHH000102: Fetching database metadata
[framework] 2013-07-14 16:06:02,548 - org.hibernate.tool.hbm2ddl.SchemaUpdate -891  [Thread-2] INFO  org.hibernate.tool.hbm2ddl.SchemaUpdate  - HHH000396: Updating schema
[framework] 2013-07-14 16:06:02,642 - org.hibernate.tool.hbm2ddl.TableMetadata -985  [Thread-2] INFO  org.hibernate.tool.hbm2ddl.TableMetadata  - HHH000261: Table found: webapp.sysmenu
[framework] 2013-07-14 16:06:02,642 - org.hibernate.tool.hbm2ddl.TableMetadata -985  [Thread-2] INFO  org.hibernate.tool.hbm2ddl.TableMetadata  - HHH000037: Columns: [id, text, parent, ordinal, levelcode, url, iconcls]
[framework] 2013-07-14 16:06:02,642 - org.hibernate.tool.hbm2ddl.TableMetadata -985  [Thread-2] INFO  org.hibernate.tool.hbm2ddl.TableMetadata  - HHH000108: Foreign keys: [fk_e2807011ad8e4add87b5f2cefef]
[framework] 2013-07-14 16:06:02,642 - org.hibernate.tool.hbm2ddl.TableMetadata -985  [Thread-2] INFO  org.hibernate.tool.hbm2ddl.TableMetadata  - HHH000126: Indexes: [primary, fk_e2807011ad8e4add87b5f2cefef]
[framework] 2013-07-14 16:06:02,689 - org.hibernate.tool.hbm2ddl.TableMetadata -1032 [Thread-2] INFO  org.hibernate.tool.hbm2ddl.TableMetadata  - HHH000261: Table found: webapp.sysrole
[framework] 2013-07-14 16:06:02,689 - org.hibernate.tool.hbm2ddl.TableMetadata -1032 [Thread-2] INFO  org.hibernate.tool.hbm2ddl.TableMetadata  - HHH000037: Columns: [id, name, note]
[framework] 2013-07-14 16:06:02,689 - org.hibernate.tool.hbm2ddl.TableMetadata -1032 [Thread-2] INFO  org.hibernate.tool.hbm2ddl.TableMetadata  - HHH000108: Foreign keys: []
[framework] 2013-07-14 16:06:02,689 - org.hibernate.tool.hbm2ddl.TableMetadata -1032 [Thread-2] INFO  org.hibernate.tool.hbm2ddl.TableMetadata  - HHH000126: Indexes: [primary]
[framework] 2013-07-14 16:06:02,737 - org.hibernate.tool.hbm2ddl.TableMetadata -1080 [Thread-2] INFO  org.hibernate.tool.hbm2ddl.TableMetadata  - HHH000261: Table found: webapp.sysrole_sysmenu
[framework] 2013-07-14 16:06:02,737 - org.hibernate.tool.hbm2ddl.TableMetadata -1080 [Thread-2] INFO  org.hibernate.tool.hbm2ddl.TableMetadata  - HHH000037: Columns: [sysroleid, sysmenuid]
[framework] 2013-07-14 16:06:02,737 - org.hibernate.tool.hbm2ddl.TableMetadata -1080 [Thread-2] INFO  org.hibernate.tool.hbm2ddl.TableMetadata  - HHH000108: Foreign keys: [fk_c09aa936a978418991a4a3f2300, fk_4fd2795cc3364764a393ea23eaf]
[framework] 2013-07-14 16:06:02,737 - org.hibernate.tool.hbm2ddl.TableMetadata -1080 [Thread-2] INFO  org.hibernate.tool.hbm2ddl.TableMetadata  - HHH000126: Indexes: [fk_c09aa936a978418991a4a3f2300, primary, fk_4fd2795cc3364764a393ea23eaf]
[framework] 2013-07-14 16:06:02,784 - org.hibernate.tool.hbm2ddl.TableMetadata -1127 [Thread-2] INFO  org.hibernate.tool.hbm2ddl.TableMetadata  - HHH000261: Table found: webapp.sysrole_sysuser
[framework] 2013-07-14 16:06:02,784 - org.hibernate.tool.hbm2ddl.TableMetadata -1127 [Thread-2] INFO  org.hibernate.tool.hbm2ddl.TableMetadata  - HHH000037: Columns: [sysuserset_id, sysrole_id]
[framework] 2013-07-14 16:06:02,784 - org.hibernate.tool.hbm2ddl.TableMetadata -1127 [Thread-2] INFO  org.hibernate.tool.hbm2ddl.TableMetadata  - HHH000108: Foreign keys: [fk_87243730154842f6a72562f3deb, fk_60053270a7ee4746a2288456fd8]
[framework] 2013-07-14 16:06:02,784 - org.hibernate.tool.hbm2ddl.TableMetadata -1127 [Thread-2] INFO  org.hibernate.tool.hbm2ddl.TableMetadata  - HHH000126: Indexes: [primary, fk_87243730154842f6a72562f3deb, fk_60053270a7ee4746a2288456fd8]
[framework] 2013-07-14 16:06:02,877 - org.hibernate.tool.hbm2ddl.TableMetadata -1220 [Thread-2] INFO  org.hibernate.tool.hbm2ddl.TableMetadata  - HHH000261: Table found: webapp.sysuser
[framework] 2013-07-14 16:06:02,877 - org.hibernate.tool.hbm2ddl.TableMetadata -1220 [Thread-2] INFO  org.hibernate.tool.hbm2ddl.TableMetadata  - HHH000037: Columns: [headimage, createtime, id, loginpassword, loginname, lastlogintime, nickname, sysuserstate]
[framework] 2013-07-14 16:06:02,877 - org.hibernate.tool.hbm2ddl.TableMetadata -1220 [Thread-2] INFO  org.hibernate.tool.hbm2ddl.TableMetadata  - HHH000108: Foreign keys: []
[framework] 2013-07-14 16:06:02,877 - org.hibernate.tool.hbm2ddl.TableMetadata -1220 [Thread-2] INFO  org.hibernate.tool.hbm2ddl.TableMetadata  - HHH000126: Indexes: [primary]
[framework] 2013-07-14 16:06:02,940 - org.hibernate.tool.hbm2ddl.TableMetadata -1283 [Thread-2] INFO  org.hibernate.tool.hbm2ddl.TableMetadata  - HHH000261: Table found: webapp.sysuser_sysmenu
[framework] 2013-07-14 16:06:02,940 - org.hibernate.tool.hbm2ddl.TableMetadata -1283 [Thread-2] INFO  org.hibernate.tool.hbm2ddl.TableMetadata  - HHH000037: Columns: [sysuserid, sysmenuid]
[framework] 2013-07-14 16:06:02,940 - org.hibernate.tool.hbm2ddl.TableMetadata -1283 [Thread-2] INFO  org.hibernate.tool.hbm2ddl.TableMetadata  - HHH000108: Foreign keys: [fk_0e11b531458b486ba7dd83497f7, fk_a464851ed9d44b63b8ac728224b]
[framework] 2013-07-14 16:06:02,940 - org.hibernate.tool.hbm2ddl.TableMetadata -1283 [Thread-2] INFO  org.hibernate.tool.hbm2ddl.TableMetadata  - HHH000126: Indexes: [fk_0e11b531458b486ba7dd83497f7, primary, fk_a464851ed9d44b63b8ac728224b]
[framework] 2013-07-14 16:06:02,971 - org.hibernate.tool.hbm2ddl.TableMetadata -1314 [Thread-2] INFO  org.hibernate.tool.hbm2ddl.TableMetadata  - HHH000261: Table found: webapp.sysuser_sysrole
[framework] 2013-07-14 16:06:02,971 - org.hibernate.tool.hbm2ddl.TableMetadata -1314 [Thread-2] INFO  org.hibernate.tool.hbm2ddl.TableMetadata  - HHH000037: Columns: [sysuserid, sysroleid]
[framework] 2013-07-14 16:06:02,971 - org.hibernate.tool.hbm2ddl.TableMetadata -1314 [Thread-2] INFO  org.hibernate.tool.hbm2ddl.TableMetadata  - HHH000108: Foreign keys: [fk_98c5349243ea464c922f1163e9d, fk_cdec0c79c699450bb08f609fde8]
[framework] 2013-07-14 16:06:02,971 - org.hibernate.tool.hbm2ddl.TableMetadata -1314 [Thread-2] INFO  org.hibernate.tool.hbm2ddl.TableMetadata  - HHH000126: Indexes: [primary, fk_98c5349243ea464c922f1163e9d, fk_cdec0c79c699450bb08f609fde8]
[framework] 2013-07-14 16:06:02,971 - org.hibernate.tool.hbm2ddl.SchemaUpdate -1314 [Thread-2] INFO  org.hibernate.tool.hbm2ddl.SchemaUpdate  - HHH000232: Schema update complete
[framework] 2013-07-14 18:26:38,725 - org.hibernate.annotations.common.Version -0    [Thread-2] INFO  org.hibernate.annotations.common.Version  - HCANN000001: Hibernate Commons Annotations {4.0.1.Final}
[framework] 2013-07-14 18:26:38,757 - org.hibernate.Version -32   [Thread-2] INFO  org.hibernate.Version  - HHH000412: Hibernate Core {4.2.1.Final}
[framework] 2013-07-14 18:26:38,757 - org.hibernate.cfg.Environment -32   [Thread-2] INFO  org.hibernate.cfg.Environment  - HHH000206: hibernate.properties not found
[framework] 2013-07-14 18:26:38,757 - org.hibernate.cfg.Environment -32   [Thread-2] INFO  org.hibernate.cfg.Environment  - HHH000021: Bytecode provider name : javassist
[framework] 2013-07-14 18:26:39,992 - org.hibernate.service.jdbc.connections.internal.DriverManagerConnectionProviderImpl -1267 [Thread-2] INFO  org.hibernate.service.jdbc.connections.internal.DriverManagerConnectionProviderImpl  - HHH000402: Using Hibernate built-in connection pool (not for production use!)
[framework] 2013-07-14 18:26:40,227 - org.hibernate.service.jdbc.connections.internal.DriverManagerConnectionProviderImpl -1502 [Thread-2] INFO  org.hibernate.service.jdbc.connections.internal.DriverManagerConnectionProviderImpl  - HHH000115: Hibernate connection pool size: 20
[framework] 2013-07-14 18:26:40,227 - org.hibernate.service.jdbc.connections.internal.DriverManagerConnectionProviderImpl -1502 [Thread-2] INFO  org.hibernate.service.jdbc.connections.internal.DriverManagerConnectionProviderImpl  - HHH000006: Autocommit mode: true
[framework] 2013-07-14 18:26:40,227 - org.hibernate.service.jdbc.connections.internal.DriverManagerConnectionProviderImpl -1502 [Thread-2] INFO  org.hibernate.service.jdbc.connections.internal.DriverManagerConnectionProviderImpl  - HHH000401: using driver [com.mysql.jdbc.Driver] at URL [jdbc:mysql://localhost:3306/webapp?useUnicode=true&characterEncoding=UTF-8]
[framework] 2013-07-14 18:26:40,227 - org.hibernate.service.jdbc.connections.internal.DriverManagerConnectionProviderImpl -1502 [Thread-2] INFO  org.hibernate.service.jdbc.connections.internal.DriverManagerConnectionProviderImpl  - HHH000046: Connection properties: {user=root, password=****, autocommit=true, release_mode=auto}
[framework] 2013-07-14 18:26:43,290 - org.hibernate.dialect.Dialect -4565 [Thread-2] INFO  org.hibernate.dialect.Dialect  - HHH000400: Using dialect: org.hibernate.dialect.MySQL5Dialect
[framework] 2013-07-14 18:26:43,322 - org.hibernate.engine.transaction.internal.TransactionFactoryInitiator -4597 [Thread-2] INFO  org.hibernate.engine.transaction.internal.TransactionFactoryInitiator  - HHH000268: Transaction strategy: org.hibernate.engine.transaction.internal.jdbc.JdbcTransactionFactory
[framework] 2013-07-14 18:26:43,322 - org.hibernate.hql.internal.ast.ASTQueryTranslatorFactory -4597 [Thread-2] INFO  org.hibernate.hql.internal.ast.ASTQueryTranslatorFactory  - HHH000397: Using ASTQueryTranslatorFactory
[framework] 2013-07-14 18:26:43,744 - org.hibernate.tool.hbm2ddl.SchemaUpdate -5019 [Thread-2] INFO  org.hibernate.tool.hbm2ddl.SchemaUpdate  - HHH000228: Running hbm2ddl schema update
[framework] 2013-07-14 18:26:43,744 - org.hibernate.tool.hbm2ddl.SchemaUpdate -5019 [Thread-2] INFO  org.hibernate.tool.hbm2ddl.SchemaUpdate  - HHH000102: Fetching database metadata
[framework] 2013-07-14 18:26:43,807 - org.hibernate.tool.hbm2ddl.SchemaUpdate -5082 [Thread-2] INFO  org.hibernate.tool.hbm2ddl.SchemaUpdate  - HHH000396: Updating schema
[framework] 2013-07-14 18:26:44,291 - org.hibernate.tool.hbm2ddl.TableMetadata -5566 [Thread-2] INFO  org.hibernate.tool.hbm2ddl.TableMetadata  - HHH000261: Table found: webapp.sysmenu
[framework] 2013-07-14 18:26:44,291 - org.hibernate.tool.hbm2ddl.TableMetadata -5566 [Thread-2] INFO  org.hibernate.tool.hbm2ddl.TableMetadata  - HHH000037: Columns: [id, text, parent, ordinal, levelcode, url, iconcls]
[framework] 2013-07-14 18:26:44,291 - org.hibernate.tool.hbm2ddl.TableMetadata -5566 [Thread-2] INFO  org.hibernate.tool.hbm2ddl.TableMetadata  - HHH000108: Foreign keys: [fk_e2807011ad8e4add87b5f2cefef]
[framework] 2013-07-14 18:26:44,291 - org.hibernate.tool.hbm2ddl.TableMetadata -5566 [Thread-2] INFO  org.hibernate.tool.hbm2ddl.TableMetadata  - HHH000126: Indexes: [primary, fk_e2807011ad8e4add87b5f2cefef]
[framework] 2013-07-14 18:26:44,495 - org.hibernate.tool.hbm2ddl.TableMetadata -5770 [Thread-2] INFO  org.hibernate.tool.hbm2ddl.TableMetadata  - HHH000261: Table found: webapp.sysrole
[framework] 2013-07-14 18:26:44,495 - org.hibernate.tool.hbm2ddl.TableMetadata -5770 [Thread-2] INFO  org.hibernate.tool.hbm2ddl.TableMetadata  - HHH000037: Columns: [id, name, note]
[framework] 2013-07-14 18:26:44,495 - org.hibernate.tool.hbm2ddl.TableMetadata -5770 [Thread-2] INFO  org.hibernate.tool.hbm2ddl.TableMetadata  - HHH000108: Foreign keys: []
[framework] 2013-07-14 18:26:44,495 - org.hibernate.tool.hbm2ddl.TableMetadata -5770 [Thread-2] INFO  org.hibernate.tool.hbm2ddl.TableMetadata  - HHH000126: Indexes: [primary]
[framework] 2013-07-14 18:26:44,683 - org.hibernate.tool.hbm2ddl.TableMetadata -5958 [Thread-2] INFO  org.hibernate.tool.hbm2ddl.TableMetadata  - HHH000261: Table found: webapp.sysrole_sysmenu
[framework] 2013-07-14 18:26:44,683 - org.hibernate.tool.hbm2ddl.TableMetadata -5958 [Thread-2] INFO  org.hibernate.tool.hbm2ddl.TableMetadata  - HHH000037: Columns: [sysroleid, sysmenuid]
[framework] 2013-07-14 18:26:44,683 - org.hibernate.tool.hbm2ddl.TableMetadata -5958 [Thread-2] INFO  org.hibernate.tool.hbm2ddl.TableMetadata  - HHH000108: Foreign keys: [fk_c09aa936a978418991a4a3f2300, fk_4fd2795cc3364764a393ea23eaf]
[framework] 2013-07-14 18:26:44,683 - org.hibernate.tool.hbm2ddl.TableMetadata -5958 [Thread-2] INFO  org.hibernate.tool.hbm2ddl.TableMetadata  - HHH000126: Indexes: [fk_c09aa936a978418991a4a3f2300, primary, fk_4fd2795cc3364764a393ea23eaf]
[framework] 2013-07-14 18:26:45,042 - org.hibernate.tool.hbm2ddl.TableMetadata -6317 [Thread-2] INFO  org.hibernate.tool.hbm2ddl.TableMetadata  - HHH000261: Table found: webapp.sysrole_sysuser
[framework] 2013-07-14 18:26:45,042 - org.hibernate.tool.hbm2ddl.TableMetadata -6317 [Thread-2] INFO  org.hibernate.tool.hbm2ddl.TableMetadata  - HHH000037: Columns: [sysuserset_id, sysrole_id]
[framework] 2013-07-14 18:26:45,042 - org.hibernate.tool.hbm2ddl.TableMetadata -6317 [Thread-2] INFO  org.hibernate.tool.hbm2ddl.TableMetadata  - HHH000108: Foreign keys: [fk_87243730154842f6a72562f3deb, fk_60053270a7ee4746a2288456fd8]
[framework] 2013-07-14 18:26:45,042 - org.hibernate.tool.hbm2ddl.TableMetadata -6317 [Thread-2] INFO  org.hibernate.tool.hbm2ddl.TableMetadata  - HHH000126: Indexes: [primary, fk_87243730154842f6a72562f3deb, fk_60053270a7ee4746a2288456fd8]
[framework] 2013-07-14 18:26:45,292 - org.hibernate.tool.hbm2ddl.TableMetadata -6567 [Thread-2] INFO  org.hibernate.tool.hbm2ddl.TableMetadata  - HHH000261: Table found: webapp.sysuser
[framework] 2013-07-14 18:26:45,292 - org.hibernate.tool.hbm2ddl.TableMetadata -6567 [Thread-2] INFO  org.hibernate.tool.hbm2ddl.TableMetadata  - HHH000037: Columns: [headimage, createtime, id, loginpassword, loginname, lastlogintime, nickname, sysuserstate]
[framework] 2013-07-14 18:26:45,292 - org.hibernate.tool.hbm2ddl.TableMetadata -6567 [Thread-2] INFO  org.hibernate.tool.hbm2ddl.TableMetadata  - HHH000108: Foreign keys: []
[framework] 2013-07-14 18:26:45,292 - org.hibernate.tool.hbm2ddl.TableMetadata -6567 [Thread-2] INFO  org.hibernate.tool.hbm2ddl.TableMetadata  - HHH000126: Indexes: [primary]
[framework] 2013-07-14 18:26:45,481 - org.hibernate.tool.hbm2ddl.TableMetadata -6756 [Thread-2] INFO  org.hibernate.tool.hbm2ddl.TableMetadata  - HHH000261: Table found: webapp.sysuser_sysmenu
[framework] 2013-07-14 18:26:45,481 - org.hibernate.tool.hbm2ddl.TableMetadata -6756 [Thread-2] INFO  org.hibernate.tool.hbm2ddl.TableMetadata  - HHH000037: Columns: [sysuserid, sysmenuid]
[framework] 2013-07-14 18:26:45,481 - org.hibernate.tool.hbm2ddl.TableMetadata -6756 [Thread-2] INFO  org.hibernate.tool.hbm2ddl.TableMetadata  - HHH000108: Foreign keys: [fk_0e11b531458b486ba7dd83497f7, fk_a464851ed9d44b63b8ac728224b]
[framework] 2013-07-14 18:26:45,481 - org.hibernate.tool.hbm2ddl.TableMetadata -6756 [Thread-2] INFO  org.hibernate.tool.hbm2ddl.TableMetadata  - HHH000126: Indexes: [fk_0e11b531458b486ba7dd83497f7, primary, fk_a464851ed9d44b63b8ac728224b]
[framework] 2013-07-14 18:26:46,027 - org.hibernate.tool.hbm2ddl.TableMetadata -7302 [Thread-2] INFO  org.hibernate.tool.hbm2ddl.TableMetadata  - HHH000261: Table found: webapp.sysuser_sysrole
[framework] 2013-07-14 18:26:46,027 - org.hibernate.tool.hbm2ddl.TableMetadata -7302 [Thread-2] INFO  org.hibernate.tool.hbm2ddl.TableMetadata  - HHH000037: Columns: [sysuserid, sysroleid]
[framework] 2013-07-14 18:26:46,027 - org.hibernate.tool.hbm2ddl.TableMetadata -7302 [Thread-2] INFO  org.hibernate.tool.hbm2ddl.TableMetadata  - HHH000108: Foreign keys: [fk_98c5349243ea464c922f1163e9d, fk_cdec0c79c699450bb08f609fde8]
[framework] 2013-07-14 18:26:46,027 - org.hibernate.tool.hbm2ddl.TableMetadata -7302 [Thread-2] INFO  org.hibernate.tool.hbm2ddl.TableMetadata  - HHH000126: Indexes: [primary, fk_98c5349243ea464c922f1163e9d, fk_cdec0c79c699450bb08f609fde8]
[framework] 2013-07-14 18:26:46,027 - org.hibernate.tool.hbm2ddl.SchemaUpdate -7302 [Thread-2] INFO  org.hibernate.tool.hbm2ddl.SchemaUpdate  - HHH000232: Schema update complete
